<?xml version="1.0" encoding="UTF-8"?>
<!-- Generated by org.testng.reporters.JUnitXMLReporter -->
<testsuite hostname="DESKTOP-1KEC5HB" name="WebDriverq" tests="5" failures="2" timestamp="20 Sep 2018 02:42:26 GMT" time="179.782" errors="0">
  <testcase name="test" time="30.498" classname="gbckTest.caigouTest"/>
  <testcase name="shanghuTest" time="44.61" classname="gbckTest.shanghuaddTest"/>
  <testcase name="shouhuo" time="11.995" classname="gbckTest.shouhuoTest">
    <failure type="org.openqa.selenium.ElementNotVisibleException" message="Element is not currently visible and so may not be interacted with
Command duration or timeout: 31 milliseconds
Build info: version: &amp;apos;2.44.0&amp;apos;, revision: &amp;apos;76d78cf323ce037c5f92db6c1bba601c2ac43ad8&amp;apos;, time: &amp;apos;2014-10-23 13:11:40&amp;apos;
System info: host: &amp;apos;DESKTOP-1KEC5HB&amp;apos;, ip: &amp;apos;192.168.174.1&amp;apos;, os.name: &amp;apos;Windows 10&amp;apos;, os.arch: &amp;apos;amd64&amp;apos;, os.version: &amp;apos;10.0&amp;apos;, java.version: &amp;apos;1.8.0_181&amp;apos;
Driver info: org.openqa.selenium.firefox.FirefoxDriver
Capabilities [{applicationCacheEnabled=true, rotatable=false, handlesAlerts=true, databaseEnabled=true, version=33.0.2, platform=WINDOWS, nativeEvents=true, acceptSslCerts=true, webStorageEnabled=true, locationContextEnabled=true, browserName=firefox, takesScreenshot=true, javascriptEnabled=true, cssSelectorsEnabled=true}]
Session ID: 016c6f59-9ef2-4762-add2-3f98585595ee">
      <![CDATA[org.openqa.selenium.ElementNotVisibleException: Element is not currently visible and so may not be interacted with
Command duration or timeout: 31 milliseconds
Build info: version: '2.44.0', revision: '76d78cf323ce037c5f92db6c1bba601c2ac43ad8', time: '2014-10-23 13:11:40'
System info: host: 'DESKTOP-1KEC5HB', ip: '192.168.174.1', os.name: 'Windows 10', os.arch: 'amd64', os.version: '10.0', java.version: '1.8.0_181'
Driver info: org.openqa.selenium.firefox.FirefoxDriver
Capabilities [{applicationCacheEnabled=true, rotatable=false, handlesAlerts=true, databaseEnabled=true, version=33.0.2, platform=WINDOWS, nativeEvents=true, acceptSslCerts=true, webStorageEnabled=true, locationContextEnabled=true, browserName=firefox, takesScreenshot=true, javascriptEnabled=true, cssSelectorsEnabled=true}]
Session ID: 016c6f59-9ef2-4762-add2-3f98585595ee
	at org.openqa.selenium.remote.ErrorHandler.createThrowable(ErrorHandler.java:204)
	at org.openqa.selenium.remote.ErrorHandler.throwIfResponseFailed(ErrorHandler.java:156)
	at org.openqa.selenium.remote.RemoteWebDriver.execute(RemoteWebDriver.java:599)
	at org.openqa.selenium.remote.RemoteWebElement.execute(RemoteWebElement.java:268)
	at org.openqa.selenium.remote.RemoteWebElement.click(RemoteWebElement.java:79)
	at gbckTest.shouhuoTest.shouhuo(shouhuoTest.java:39)
Caused by: org.openqa.selenium.ElementNotVisibleException: Element is not currently visible and so may not be interacted with
Build info: version: '2.44.0', revision: '76d78cf323ce037c5f92db6c1bba601c2ac43ad8', time: '2014-10-23 13:11:40'
System info: host: 'DESKTOP-1KEC5HB', ip: '192.168.174.1', os.name: 'Windows 10', os.arch: 'amd64', os.version: '10.0', java.version: '1.8.0_181'
Driver info: driver.version: unknown
	at <anonymous class>.fxdriver.preconditions.visible(file:///C:/Users/18217/AppData/Local/Temp/anonymous4530702842493799102webdriver-profile/extensions/fxdriver@googlecode.com/components/command-processor.js:8959:12)
	at <anonymous class>.DelayedCommand.prototype.checkPreconditions_(file:///C:/Users/18217/AppData/Local/Temp/anonymous4530702842493799102webdriver-profile/extensions/fxdriver@googlecode.com/components/command-processor.js:11618:15)
	at <anonymous class>.DelayedCommand.prototype.executeInternal_/h(file:///C:/Users/18217/AppData/Local/Temp/anonymous4530702842493799102webdriver-profile/extensions/fxdriver@googlecode.com/components/command-processor.js:11635:11)
	at <anonymous class>.DelayedCommand.prototype.executeInternal_(file:///C:/Users/18217/AppData/Local/Temp/anonymous4530702842493799102webdriver-profile/extensions/fxdriver@googlecode.com/components/command-processor.js:11640:7)
	at <anonymous class>.DelayedCommand.prototype.execute/<(file:///C:/Users/18217/AppData/Local/Temp/anonymous4530702842493799102webdriver-profile/extensions/fxdriver@googlecode.com/components/command-processor.js:11582:5)
... Removed 27 stack frames]]>
    </failure>
  </testcase> <!-- shouhuo -->
  <testcase name="tianjiashangpin" time="37.627" classname="gbckTest.sizeyouhuiquanTest"/>
  <testcase name="testsuit" time="21.081" classname="gbckTest.vipaddTest">
    <failure type="java.lang.AssertionError" message="expected [隔壁仓库 V1.1.2 - 会员添加] but found [隔壁仓库 V1.1.2 - 会员列表]">
      <![CDATA[java.lang.AssertionError: expected [隔壁仓库 V1.1.2 - 会员添加] but found [隔壁仓库 V1.1.2 - 会员列表]
	at gbckTest.vipaddTest.testsuit(vipaddTest.java:47)
... Removed 28 stack frames]]>
    </failure>
  </testcase> <!-- testsuit -->
</testsuite> <!-- WebDriverq -->
