<?xml version="1.0" encoding="UTF-8"?>
<!-- Generated by org.testng.reporters.JUnitXMLReporter -->
<testsuite hostname="DESKTOP-1KEC5HB" name="Command line test" tests="5" failures="1" timestamp="10 Sep 2018 01:17:47 GMT" time="50.1" errors="0">
  <testcase name="test" time="19.646" classname="Asseret.api.caigouTest"/>
  <testcase name="f" time="17.812" classname="gbckTest.shouhuoTest"/>
  <testcase name="chakan" time="0.006" classname="gbckTest.ziyingshangpinTest"/>
  <testcase name="tianjiashangpin" time="0.002" classname="gbckTest.ziyingshangpinTest"/>
  <testcase name="ziyingshangpinshenhe" time="0.003" classname="gbckTest.ziyingshangpinTest">
    <failure type="junit.framework.ComparisonFailure" message="expected:&amp;lt;1&amp;gt; but was:&amp;lt;2&amp;gt;">
      <![CDATA[junit.framework.ComparisonFailure: expected:<1> but was:<2>
	at junit.framework.Assert.assertEquals(Assert.java:81)
	at junit.framework.Assert.assertEquals(Assert.java:87)
	at gbckTest.ziyingshangpinTest.ziyingshangpinshenhe(ziyingshangpinTest.java:15)
... Removed 34 stack frames]]>
    </failure>
  </testcase> <!-- ziyingshangpinshenhe -->
</testsuite> <!-- Command line test -->
