<?xml version="1.0" encoding="UTF-8"?>
<testng-results skipped="0" failed="1" total="5" passed="4">
  <reporter-output>
  </reporter-output>
  <suite name="Command line suite" duration-ms="50100" started-at="2018-09-10T01:16:57Z" finished-at="2018-09-10T01:17:47Z">
    <groups>
    </groups>
    <test name="Command line test" duration-ms="50100" started-at="2018-09-10T01:16:57Z" finished-at="2018-09-10T01:17:47Z">
      <class name="gbckTest.ziyingshangpinTest">
        <test-method status="PASS" signature="chakan()[pri:0, instance:gbckTest.ziyingshangpinTest@4c1f22f3]" name="chakan" duration-ms="6" started-at="2018-09-10T09:17:46Z" finished-at="2018-09-10T09:17:46Z">
          <reporter-output>
          </reporter-output>
        </test-method> <!-- chakan -->
        <test-method status="PASS" signature="tianjiashangpin()[pri:0, instance:gbckTest.ziyingshangpinTest@4c1f22f3]" name="tianjiashangpin" duration-ms="2" started-at="2018-09-10T09:17:46Z" finished-at="2018-09-10T09:17:46Z">
          <reporter-output>
          </reporter-output>
        </test-method> <!-- tianjiashangpin -->
        <test-method status="FAIL" signature="ziyingshangpinshenhe()[pri:0, instance:gbckTest.ziyingshangpinTest@4c1f22f3]" name="ziyingshangpinshenhe" duration-ms="3" started-at="2018-09-10T09:17:46Z" finished-at="2018-09-10T09:17:46Z">
          <exception class="junit.framework.ComparisonFailure">
            <message>
              <![CDATA[expected:<1> but was:<2>]]>
            </message>
            <full-stacktrace>
              <![CDATA[junit.framework.ComparisonFailure: expected:<1> but was:<2>
	at junit.framework.Assert.assertEquals(Assert.java:81)
	at junit.framework.Assert.assertEquals(Assert.java:87)
	at gbckTest.ziyingshangpinTest.ziyingshangpinshenhe(ziyingshangpinTest.java:15)
	at sun.reflect.NativeMethodAccessorImpl.invoke0(Native Method)
	at sun.reflect.NativeMethodAccessorImpl.invoke(Unknown Source)
	at sun.reflect.DelegatingMethodAccessorImpl.invoke(Unknown Source)
	at java.lang.reflect.Method.invoke(Unknown Source)
	at org.testng.internal.MethodInvocationHelper.invokeMethod(MethodInvocationHelper.java:86)
	at org.testng.internal.Invoker.invokeMethod(Invoker.java:643)
	at org.testng.internal.Invoker.invokeTestMethod(Invoker.java:820)
	at org.testng.internal.Invoker.invokeTestMethods(Invoker.java:1128)
	at org.testng.internal.TestMethodWorker.invokeTestMethods(TestMethodWorker.java:129)
	at org.testng.internal.TestMethodWorker.run(TestMethodWorker.java:112)
	at org.testng.TestRunner.privateRun(TestRunner.java:782)
	at org.testng.TestRunner.run(TestRunner.java:632)
	at org.testng.SuiteRunner.runTest(SuiteRunner.java:366)
	at org.testng.SuiteRunner.runSequentially(SuiteRunner.java:361)
	at org.testng.SuiteRunner.privateRun(SuiteRunner.java:319)
	at org.testng.SuiteRunner.run(SuiteRunner.java:268)
	at org.testng.SuiteRunnerWorker.runSuite(SuiteRunnerWorker.java:52)
	at org.testng.SuiteRunnerWorker.run(SuiteRunnerWorker.java:86)
	at org.testng.TestNG.runSuitesSequentially(TestNG.java:1244)
	at org.testng.TestNG.runSuitesLocally(TestNG.java:1169)
	at org.testng.TestNG.run(TestNG.java:1064)
	at org.apache.maven.surefire.testng.TestNGExecutor.run(TestNGExecutor.java:77)
	at org.apache.maven.surefire.testng.TestNGDirectoryTestSuite.executeMulti(TestNGDirectoryTestSuite.java:159)
	at org.apache.maven.surefire.testng.TestNGDirectoryTestSuite.execute(TestNGDirectoryTestSuite.java:99)
	at org.apache.maven.surefire.testng.TestNGProvider.invoke(TestNGProvider.java:106)
	at sun.reflect.NativeMethodAccessorImpl.invoke0(Native Method)
	at sun.reflect.NativeMethodAccessorImpl.invoke(Unknown Source)
	at sun.reflect.DelegatingMethodAccessorImpl.invoke(Unknown Source)
	at java.lang.reflect.Method.invoke(Unknown Source)
	at org.apache.maven.surefire.util.ReflectionUtils.invokeMethodWithArray(ReflectionUtils.java:189)
	at org.apache.maven.surefire.booter.ProviderFactory$ProviderProxy.invoke(ProviderFactory.java:165)
	at org.apache.maven.surefire.booter.ProviderFactory.invokeProvider(ProviderFactory.java:85)
	at org.apache.maven.surefire.booter.ForkedBooter.runSuitesInProcess(ForkedBooter.java:115)
	at org.apache.maven.surefire.booter.ForkedBooter.main(ForkedBooter.java:75)
]]>
            </full-stacktrace>
          </exception> <!-- junit.framework.ComparisonFailure -->
          <reporter-output>
          </reporter-output>
        </test-method> <!-- ziyingshangpinshenhe -->
      </class> <!-- gbckTest.ziyingshangpinTest -->
      <class name="Asseret.api.caigouTest">
        <test-method status="PASS" signature="beforeTest()[pri:0, instance:Asseret.api.caigouTest@64bce832]" name="beforeTest" is-config="true" duration-ms="7265" started-at="2018-09-10T09:16:57Z" finished-at="2018-09-10T09:17:04Z">
          <reporter-output>
          </reporter-output>
        </test-method> <!-- beforeTest -->
        <test-method status="PASS" signature="beforeTest()[pri:0, instance:gbckTest.shouhuoTest@764faa6]" name="beforeTest" is-config="true" duration-ms="4576" started-at="2018-09-10T09:17:04Z" finished-at="2018-09-10T09:17:09Z">
          <reporter-output>
          </reporter-output>
        </test-method> <!-- beforeTest -->
        <test-method status="PASS" signature="test()[pri:0, instance:Asseret.api.caigouTest@64bce832]" name="test" duration-ms="19646" started-at="2018-09-10T09:17:09Z" finished-at="2018-09-10T09:17:28Z">
          <reporter-output>
          </reporter-output>
        </test-method> <!-- test -->
        <test-method status="PASS" signature="afterTest()[pri:0, instance:Asseret.api.caigouTest@64bce832]" name="afterTest" is-config="true" duration-ms="291" started-at="2018-09-10T09:17:46Z" finished-at="2018-09-10T09:17:47Z">
          <reporter-output>
          </reporter-output>
        </test-method> <!-- afterTest -->
        <test-method status="PASS" signature="afterTest()[pri:0, instance:gbckTest.shouhuoTest@764faa6]" name="afterTest" is-config="true" duration-ms="216" started-at="2018-09-10T09:17:47Z" finished-at="2018-09-10T09:17:47Z">
          <reporter-output>
          </reporter-output>
        </test-method> <!-- afterTest -->
      </class> <!-- Asseret.api.caigouTest -->
      <class name="gbckTest.shouhuoTest">
        <test-method status="PASS" signature="f()[pri:0, instance:gbckTest.shouhuoTest@764faa6]" name="f" duration-ms="17812" started-at="2018-09-10T09:17:28Z" finished-at="2018-09-10T09:17:46Z">
          <reporter-output>
          </reporter-output>
        </test-method> <!-- f -->
      </class> <!-- gbckTest.shouhuoTest -->
    </test> <!-- Command line test -->
  </suite> <!-- Command line suite -->
</testng-results>
