<?xml version="1.0" encoding="UTF-8" ?>
<testsuite tests="58" failures="35" name="TestSuite" time="1,147.987" errors="0" skipped="0">
  <properties>
[...]
</properties>
  <testcase classname="caigouModelTest.shangpinrukuModelTest.caigoushouhuorukuTest" name="kehuliebiaoo" time="11.649"/>
  <testcase classname="caigouModelTest.shangpinrukuModelTest.caigoutuihuochukuTest" name="kehuliebiaoo" time="11.332"/>
  <testcase classname="caigouModelTest.shangpinrukuModelTest.feicaigourukuTest" name="kehuliebiaoo" time="7.083">
    <failure message="Unable to locate element: {&quot;method&quot;:&quot;link text&quot;,&quot;selector&quot;:&quot;非采购入库&quot;}
Command duration or timeout: 255 milliseconds
For documentation on this error, please visit: http://seleniumhq.org/exceptions/no_such_element.html
Build info: version: &apos;2.44.0&apos;, revision: &apos;76d78cf323ce037c5f92db6c1bba601c2ac43ad8&apos;, time: &apos;2014-10-23 13:11:40&apos;
System info: host: &apos;DESKTOP-1KEC5HB&apos;, ip: &apos;192.168.174.1&apos;, os.name: &apos;Windows 10&apos;, os.arch: &apos;amd64&apos;, os.version: &apos;10.0&apos;, java.version: &apos;1.8.0_181&apos;
Driver info: org.openqa.selenium.firefox.FirefoxDriver
Capabilities [{applicationCacheEnabled=true, rotatable=false, handlesAlerts=true, databaseEnabled=true, version=33.0.2, platform=WINDOWS, nativeEvents=true, acceptSslCerts=true, webStorageEnabled=true, locationContextEnabled=true, browserName=firefox, takesScreenshot=true, javascriptEnabled=true, cssSelectorsEnabled=true}]
Session ID: a935824f-ccd0-4f75-a373-6ca1999cddc1" type="org.openqa.selenium.NoSuchElementException">org.openqa.selenium.NoSuchElementException: Unable to locate element: {&quot;method&quot;:&quot;link text&quot;,&quot;selector&quot;:&quot;非采购入库&quot;}
Command duration or timeout: 255 milliseconds
For documentation on this error, please visit: http://seleniumhq.org/exceptions/no_such_element.html
Build info: version: &apos;2.44.0&apos;, revision: &apos;76d78cf323ce037c5f92db6c1bba601c2ac43ad8&apos;, time: &apos;2014-10-23 13:11:40&apos;
System info: host: &apos;DESKTOP-1KEC5HB&apos;, ip: &apos;192.168.174.1&apos;, os.name: &apos;Windows 10&apos;, os.arch: &apos;amd64&apos;, os.version: &apos;10.0&apos;, java.version: &apos;1.8.0_181&apos;
Driver info: org.openqa.selenium.firefox.FirefoxDriver
Capabilities [{applicationCacheEnabled=true, rotatable=false, handlesAlerts=true, databaseEnabled=true, version=33.0.2, platform=WINDOWS, nativeEvents=true, acceptSslCerts=true, webStorageEnabled=true, locationContextEnabled=true, browserName=firefox, takesScreenshot=true, javascriptEnabled=true, cssSelectorsEnabled=true}]
Session ID: a935824f-ccd0-4f75-a373-6ca1999cddc1
	at sun.reflect.NativeConstructorAccessorImpl.newInstance0(Native Method)
	at sun.reflect.NativeConstructorAccessorImpl.newInstance(NativeConstructorAccessorImpl.java:62)
	at sun.reflect.DelegatingConstructorAccessorImpl.newInstance(DelegatingConstructorAccessorImpl.java:45)
	at java.lang.reflect.Constructor.newInstance(Constructor.java:423)
	at org.openqa.selenium.remote.ErrorHandler.createThrowable(ErrorHandler.java:204)
	at org.openqa.selenium.remote.ErrorHandler.throwIfResponseFailed(ErrorHandler.java:156)
	at org.openqa.selenium.remote.RemoteWebDriver.execute(RemoteWebDriver.java:599)
	at org.openqa.selenium.remote.RemoteWebDriver.findElement(RemoteWebDriver.java:352)
	at org.openqa.selenium.remote.RemoteWebDriver.findElementByLinkText(RemoteWebDriver.java:401)
	at org.openqa.selenium.By$ByLinkText.findElement(By.java:242)
	at org.openqa.selenium.remote.RemoteWebDriver.findElement(RemoteWebDriver.java:344)
	at caigouModelTest.shangpinrukuModelTest.feicaigourukuTest.kehuliebiaoo(feicaigourukuTest.java:23)
Caused by: org.openqa.selenium.NoSuchElementException: Unable to locate element: {&quot;method&quot;:&quot;link text&quot;,&quot;selector&quot;:&quot;非采购入库&quot;}
For documentation on this error, please visit: http://seleniumhq.org/exceptions/no_such_element.html
Build info: version: &apos;2.44.0&apos;, revision: &apos;76d78cf323ce037c5f92db6c1bba601c2ac43ad8&apos;, time: &apos;2014-10-23 13:11:40&apos;
System info: host: &apos;DESKTOP-1KEC5HB&apos;, ip: &apos;192.168.174.1&apos;, os.name: &apos;Windows 10&apos;, os.arch: &apos;amd64&apos;, os.version: &apos;10.0&apos;, java.version: &apos;1.8.0_181&apos;
Driver info: driver.version: unknown
	at &lt;anonymous class&gt;.FirefoxDriver.prototype.findElementInternal_(file:///C:/WINDOWS/TEMP/anonymous2352288901754978196webdriver-profile/extensions/fxdriver@googlecode.com/components/driver-component.js:9641:26)
	at &lt;anonymous class&gt;.FirefoxDriver.prototype.findElement(file:///C:/WINDOWS/TEMP/anonymous2352288901754978196webdriver-profile/extensions/fxdriver@googlecode.com/components/driver-component.js:9650:3)
	at &lt;anonymous class&gt;.DelayedCommand.prototype.executeInternal_/h(file:///C:/WINDOWS/TEMP/anonymous2352288901754978196webdriver-profile/extensions/fxdriver@googlecode.com/components/command-processor.js:11635:16)
	at &lt;anonymous class&gt;.DelayedCommand.prototype.executeInternal_(file:///C:/WINDOWS/TEMP/anonymous2352288901754978196webdriver-profile/extensions/fxdriver@googlecode.com/components/command-processor.js:11640:7)
	at &lt;anonymous class&gt;.DelayedCommand.prototype.execute/&lt;(file:///C:/WINDOWS/TEMP/anonymous2352288901754978196webdriver-profile/extensions/fxdriver@googlecode.com/components/command-processor.js:11582:5)
</failure>
  </testcase>
  <testcase classname="caigouModelTest.shangpinrukuModelTest.ziyingshangpinrukuTest" name="kehuliebiaoo" time="7.13">
    <failure message="Unable to locate element: {&quot;method&quot;:&quot;link text&quot;,&quot;selector&quot;:&quot;自营商品入库&quot;}
Command duration or timeout: 291 milliseconds
For documentation on this error, please visit: http://seleniumhq.org/exceptions/no_such_element.html
Build info: version: &apos;2.44.0&apos;, revision: &apos;76d78cf323ce037c5f92db6c1bba601c2ac43ad8&apos;, time: &apos;2014-10-23 13:11:40&apos;
System info: host: &apos;DESKTOP-1KEC5HB&apos;, ip: &apos;192.168.174.1&apos;, os.name: &apos;Windows 10&apos;, os.arch: &apos;amd64&apos;, os.version: &apos;10.0&apos;, java.version: &apos;1.8.0_181&apos;
Driver info: org.openqa.selenium.firefox.FirefoxDriver
Capabilities [{applicationCacheEnabled=true, rotatable=false, handlesAlerts=true, databaseEnabled=true, version=33.0.2, platform=WINDOWS, nativeEvents=true, acceptSslCerts=true, webStorageEnabled=true, locationContextEnabled=true, browserName=firefox, takesScreenshot=true, javascriptEnabled=true, cssSelectorsEnabled=true}]
Session ID: 99ce4a28-4e13-426d-9937-2d3f8a85b7b5" type="org.openqa.selenium.NoSuchElementException">org.openqa.selenium.NoSuchElementException: Unable to locate element: {&quot;method&quot;:&quot;link text&quot;,&quot;selector&quot;:&quot;自营商品入库&quot;}
Command duration or timeout: 291 milliseconds
For documentation on this error, please visit: http://seleniumhq.org/exceptions/no_such_element.html
Build info: version: &apos;2.44.0&apos;, revision: &apos;76d78cf323ce037c5f92db6c1bba601c2ac43ad8&apos;, time: &apos;2014-10-23 13:11:40&apos;
System info: host: &apos;DESKTOP-1KEC5HB&apos;, ip: &apos;192.168.174.1&apos;, os.name: &apos;Windows 10&apos;, os.arch: &apos;amd64&apos;, os.version: &apos;10.0&apos;, java.version: &apos;1.8.0_181&apos;
Driver info: org.openqa.selenium.firefox.FirefoxDriver
Capabilities [{applicationCacheEnabled=true, rotatable=false, handlesAlerts=true, databaseEnabled=true, version=33.0.2, platform=WINDOWS, nativeEvents=true, acceptSslCerts=true, webStorageEnabled=true, locationContextEnabled=true, browserName=firefox, takesScreenshot=true, javascriptEnabled=true, cssSelectorsEnabled=true}]
Session ID: 99ce4a28-4e13-426d-9937-2d3f8a85b7b5
	at sun.reflect.NativeConstructorAccessorImpl.newInstance0(Native Method)
	at sun.reflect.NativeConstructorAccessorImpl.newInstance(NativeConstructorAccessorImpl.java:62)
	at sun.reflect.DelegatingConstructorAccessorImpl.newInstance(DelegatingConstructorAccessorImpl.java:45)
	at java.lang.reflect.Constructor.newInstance(Constructor.java:423)
	at org.openqa.selenium.remote.ErrorHandler.createThrowable(ErrorHandler.java:204)
	at org.openqa.selenium.remote.ErrorHandler.throwIfResponseFailed(ErrorHandler.java:156)
	at org.openqa.selenium.remote.RemoteWebDriver.execute(RemoteWebDriver.java:599)
	at org.openqa.selenium.remote.RemoteWebDriver.findElement(RemoteWebDriver.java:352)
	at org.openqa.selenium.remote.RemoteWebDriver.findElementByLinkText(RemoteWebDriver.java:401)
	at org.openqa.selenium.By$ByLinkText.findElement(By.java:242)
	at org.openqa.selenium.remote.RemoteWebDriver.findElement(RemoteWebDriver.java:344)
	at caigouModelTest.shangpinrukuModelTest.ziyingshangpinrukuTest.kehuliebiaoo(ziyingshangpinrukuTest.java:23)
Caused by: org.openqa.selenium.NoSuchElementException: Unable to locate element: {&quot;method&quot;:&quot;link text&quot;,&quot;selector&quot;:&quot;自营商品入库&quot;}
For documentation on this error, please visit: http://seleniumhq.org/exceptions/no_such_element.html
Build info: version: &apos;2.44.0&apos;, revision: &apos;76d78cf323ce037c5f92db6c1bba601c2ac43ad8&apos;, time: &apos;2014-10-23 13:11:40&apos;
System info: host: &apos;DESKTOP-1KEC5HB&apos;, ip: &apos;192.168.174.1&apos;, os.name: &apos;Windows 10&apos;, os.arch: &apos;amd64&apos;, os.version: &apos;10.0&apos;, java.version: &apos;1.8.0_181&apos;
Driver info: driver.version: unknown
	at &lt;anonymous class&gt;.FirefoxDriver.prototype.findElementInternal_(file:///C:/WINDOWS/TEMP/anonymous1318264406677825149webdriver-profile/extensions/fxdriver@googlecode.com/components/driver-component.js:9641:26)
	at &lt;anonymous class&gt;.FirefoxDriver.prototype.findElement(file:///C:/WINDOWS/TEMP/anonymous1318264406677825149webdriver-profile/extensions/fxdriver@googlecode.com/components/driver-component.js:9650:3)
	at &lt;anonymous class&gt;.DelayedCommand.prototype.executeInternal_/h(file:///C:/WINDOWS/TEMP/anonymous1318264406677825149webdriver-profile/extensions/fxdriver@googlecode.com/components/command-processor.js:11635:16)
	at &lt;anonymous class&gt;.DelayedCommand.prototype.executeInternal_(file:///C:/WINDOWS/TEMP/anonymous1318264406677825149webdriver-profile/extensions/fxdriver@googlecode.com/components/command-processor.js:11640:7)
	at &lt;anonymous class&gt;.DelayedCommand.prototype.execute/&lt;(file:///C:/WINDOWS/TEMP/anonymous1318264406677825149webdriver-profile/extensions/fxdriver@googlecode.com/components/command-processor.js:11582:5)
</failure>
  </testcase>
  <testcase classname="caigouModelTest.daishenhecaigoudanTest" name="kehuliebiaoo" time="7.208">
    <failure message="Unable to locate element: {&quot;method&quot;:&quot;link text&quot;,&quot;selector&quot;:&quot;待审核的采购单&quot;}
Command duration or timeout: 273 milliseconds
For documentation on this error, please visit: http://seleniumhq.org/exceptions/no_such_element.html
Build info: version: &apos;2.44.0&apos;, revision: &apos;76d78cf323ce037c5f92db6c1bba601c2ac43ad8&apos;, time: &apos;2014-10-23 13:11:40&apos;
System info: host: &apos;DESKTOP-1KEC5HB&apos;, ip: &apos;192.168.174.1&apos;, os.name: &apos;Windows 10&apos;, os.arch: &apos;amd64&apos;, os.version: &apos;10.0&apos;, java.version: &apos;1.8.0_181&apos;
Driver info: org.openqa.selenium.firefox.FirefoxDriver
Capabilities [{applicationCacheEnabled=true, rotatable=false, handlesAlerts=true, databaseEnabled=true, version=33.0.2, platform=WINDOWS, nativeEvents=true, acceptSslCerts=true, webStorageEnabled=true, locationContextEnabled=true, browserName=firefox, takesScreenshot=true, javascriptEnabled=true, cssSelectorsEnabled=true}]
Session ID: d86c34d2-efed-4f13-952d-6c9b0826eeb5" type="org.openqa.selenium.NoSuchElementException">org.openqa.selenium.NoSuchElementException: Unable to locate element: {&quot;method&quot;:&quot;link text&quot;,&quot;selector&quot;:&quot;待审核的采购单&quot;}
Command duration or timeout: 273 milliseconds
For documentation on this error, please visit: http://seleniumhq.org/exceptions/no_such_element.html
Build info: version: &apos;2.44.0&apos;, revision: &apos;76d78cf323ce037c5f92db6c1bba601c2ac43ad8&apos;, time: &apos;2014-10-23 13:11:40&apos;
System info: host: &apos;DESKTOP-1KEC5HB&apos;, ip: &apos;192.168.174.1&apos;, os.name: &apos;Windows 10&apos;, os.arch: &apos;amd64&apos;, os.version: &apos;10.0&apos;, java.version: &apos;1.8.0_181&apos;
Driver info: org.openqa.selenium.firefox.FirefoxDriver
Capabilities [{applicationCacheEnabled=true, rotatable=false, handlesAlerts=true, databaseEnabled=true, version=33.0.2, platform=WINDOWS, nativeEvents=true, acceptSslCerts=true, webStorageEnabled=true, locationContextEnabled=true, browserName=firefox, takesScreenshot=true, javascriptEnabled=true, cssSelectorsEnabled=true}]
Session ID: d86c34d2-efed-4f13-952d-6c9b0826eeb5
	at sun.reflect.NativeConstructorAccessorImpl.newInstance0(Native Method)
	at sun.reflect.NativeConstructorAccessorImpl.newInstance(NativeConstructorAccessorImpl.java:62)
	at sun.reflect.DelegatingConstructorAccessorImpl.newInstance(DelegatingConstructorAccessorImpl.java:45)
	at java.lang.reflect.Constructor.newInstance(Constructor.java:423)
	at org.openqa.selenium.remote.ErrorHandler.createThrowable(ErrorHandler.java:204)
	at org.openqa.selenium.remote.ErrorHandler.throwIfResponseFailed(ErrorHandler.java:156)
	at org.openqa.selenium.remote.RemoteWebDriver.execute(RemoteWebDriver.java:599)
	at org.openqa.selenium.remote.RemoteWebDriver.findElement(RemoteWebDriver.java:352)
	at org.openqa.selenium.remote.RemoteWebDriver.findElementByLinkText(RemoteWebDriver.java:401)
	at org.openqa.selenium.By$ByLinkText.findElement(By.java:242)
	at org.openqa.selenium.remote.RemoteWebDriver.findElement(RemoteWebDriver.java:344)
	at caigouModelTest.daishenhecaigoudanTest.kehuliebiaoo(daishenhecaigoudanTest.java:23)
Caused by: org.openqa.selenium.NoSuchElementException: Unable to locate element: {&quot;method&quot;:&quot;link text&quot;,&quot;selector&quot;:&quot;待审核的采购单&quot;}
For documentation on this error, please visit: http://seleniumhq.org/exceptions/no_such_element.html
Build info: version: &apos;2.44.0&apos;, revision: &apos;76d78cf323ce037c5f92db6c1bba601c2ac43ad8&apos;, time: &apos;2014-10-23 13:11:40&apos;
System info: host: &apos;DESKTOP-1KEC5HB&apos;, ip: &apos;192.168.174.1&apos;, os.name: &apos;Windows 10&apos;, os.arch: &apos;amd64&apos;, os.version: &apos;10.0&apos;, java.version: &apos;1.8.0_181&apos;
Driver info: driver.version: unknown
	at &lt;anonymous class&gt;.FirefoxDriver.prototype.findElementInternal_(file:///C:/WINDOWS/TEMP/anonymous8335250571176124812webdriver-profile/extensions/fxdriver@googlecode.com/components/driver-component.js:9641:26)
	at &lt;anonymous class&gt;.FirefoxDriver.prototype.findElement(file:///C:/WINDOWS/TEMP/anonymous8335250571176124812webdriver-profile/extensions/fxdriver@googlecode.com/components/driver-component.js:9650:3)
	at &lt;anonymous class&gt;.DelayedCommand.prototype.executeInternal_/h(file:///C:/WINDOWS/TEMP/anonymous8335250571176124812webdriver-profile/extensions/fxdriver@googlecode.com/components/command-processor.js:11635:16)
	at &lt;anonymous class&gt;.DelayedCommand.prototype.executeInternal_(file:///C:/WINDOWS/TEMP/anonymous8335250571176124812webdriver-profile/extensions/fxdriver@googlecode.com/components/command-processor.js:11640:7)
	at &lt;anonymous class&gt;.DelayedCommand.prototype.execute/&lt;(file:///C:/WINDOWS/TEMP/anonymous8335250571176124812webdriver-profile/extensions/fxdriver@googlecode.com/components/command-processor.js:11582:5)
</failure>
  </testcase>
  <testcase classname="caigouModelTest.huobucaigoudanTest" name="kehuliebiaoo" time="11.285"/>
  <testcase classname="caigouModelTest.wodehuobujinhuodanTest" name="kehuliebiaoo" time="11.34"/>
  <testcase classname="caigouModelTest.wodejinhuodanTest" name="kehuliebiaoo" time="11.252"/>
  <testcase classname="caigouModelTest.xinjiancaigoudanTest" name="kehuliebiaoo" time="11.282"/>
  <testcase classname="caigouModelTest.yibiangengdecaigoudanTest" name="kehuliebiaoo" time="7.052">
    <failure message="Unable to locate element: {&quot;method&quot;:&quot;link text&quot;,&quot;selector&quot;:&quot;已变更的采购单&quot;}
Command duration or timeout: 255 milliseconds
For documentation on this error, please visit: http://seleniumhq.org/exceptions/no_such_element.html
Build info: version: &apos;2.44.0&apos;, revision: &apos;76d78cf323ce037c5f92db6c1bba601c2ac43ad8&apos;, time: &apos;2014-10-23 13:11:40&apos;
System info: host: &apos;DESKTOP-1KEC5HB&apos;, ip: &apos;192.168.174.1&apos;, os.name: &apos;Windows 10&apos;, os.arch: &apos;amd64&apos;, os.version: &apos;10.0&apos;, java.version: &apos;1.8.0_181&apos;
Driver info: org.openqa.selenium.firefox.FirefoxDriver
Capabilities [{applicationCacheEnabled=true, rotatable=false, handlesAlerts=true, databaseEnabled=true, version=33.0.2, platform=WINDOWS, nativeEvents=true, acceptSslCerts=true, webStorageEnabled=true, locationContextEnabled=true, browserName=firefox, takesScreenshot=true, javascriptEnabled=true, cssSelectorsEnabled=true}]
Session ID: 6a59087e-1f8b-42aa-95dc-a0b56e91349d" type="org.openqa.selenium.NoSuchElementException">org.openqa.selenium.NoSuchElementException: Unable to locate element: {&quot;method&quot;:&quot;link text&quot;,&quot;selector&quot;:&quot;已变更的采购单&quot;}
Command duration or timeout: 255 milliseconds
For documentation on this error, please visit: http://seleniumhq.org/exceptions/no_such_element.html
Build info: version: &apos;2.44.0&apos;, revision: &apos;76d78cf323ce037c5f92db6c1bba601c2ac43ad8&apos;, time: &apos;2014-10-23 13:11:40&apos;
System info: host: &apos;DESKTOP-1KEC5HB&apos;, ip: &apos;192.168.174.1&apos;, os.name: &apos;Windows 10&apos;, os.arch: &apos;amd64&apos;, os.version: &apos;10.0&apos;, java.version: &apos;1.8.0_181&apos;
Driver info: org.openqa.selenium.firefox.FirefoxDriver
Capabilities [{applicationCacheEnabled=true, rotatable=false, handlesAlerts=true, databaseEnabled=true, version=33.0.2, platform=WINDOWS, nativeEvents=true, acceptSslCerts=true, webStorageEnabled=true, locationContextEnabled=true, browserName=firefox, takesScreenshot=true, javascriptEnabled=true, cssSelectorsEnabled=true}]
Session ID: 6a59087e-1f8b-42aa-95dc-a0b56e91349d
	at sun.reflect.NativeConstructorAccessorImpl.newInstance0(Native Method)
	at sun.reflect.NativeConstructorAccessorImpl.newInstance(NativeConstructorAccessorImpl.java:62)
	at sun.reflect.DelegatingConstructorAccessorImpl.newInstance(DelegatingConstructorAccessorImpl.java:45)
	at java.lang.reflect.Constructor.newInstance(Constructor.java:423)
	at org.openqa.selenium.remote.ErrorHandler.createThrowable(ErrorHandler.java:204)
	at org.openqa.selenium.remote.ErrorHandler.throwIfResponseFailed(ErrorHandler.java:156)
	at org.openqa.selenium.remote.RemoteWebDriver.execute(RemoteWebDriver.java:599)
	at org.openqa.selenium.remote.RemoteWebDriver.findElement(RemoteWebDriver.java:352)
	at org.openqa.selenium.remote.RemoteWebDriver.findElementByLinkText(RemoteWebDriver.java:401)
	at org.openqa.selenium.By$ByLinkText.findElement(By.java:242)
	at org.openqa.selenium.remote.RemoteWebDriver.findElement(RemoteWebDriver.java:344)
	at caigouModelTest.yibiangengdecaigoudanTest.kehuliebiaoo(yibiangengdecaigoudanTest.java:23)
Caused by: org.openqa.selenium.NoSuchElementException: Unable to locate element: {&quot;method&quot;:&quot;link text&quot;,&quot;selector&quot;:&quot;已变更的采购单&quot;}
For documentation on this error, please visit: http://seleniumhq.org/exceptions/no_such_element.html
Build info: version: &apos;2.44.0&apos;, revision: &apos;76d78cf323ce037c5f92db6c1bba601c2ac43ad8&apos;, time: &apos;2014-10-23 13:11:40&apos;
System info: host: &apos;DESKTOP-1KEC5HB&apos;, ip: &apos;192.168.174.1&apos;, os.name: &apos;Windows 10&apos;, os.arch: &apos;amd64&apos;, os.version: &apos;10.0&apos;, java.version: &apos;1.8.0_181&apos;
Driver info: driver.version: unknown
	at &lt;anonymous class&gt;.FirefoxDriver.prototype.findElementInternal_(file:///C:/WINDOWS/TEMP/anonymous6015252692286845403webdriver-profile/extensions/fxdriver@googlecode.com/components/driver-component.js:9641:26)
	at &lt;anonymous class&gt;.FirefoxDriver.prototype.findElement(file:///C:/WINDOWS/TEMP/anonymous6015252692286845403webdriver-profile/extensions/fxdriver@googlecode.com/components/driver-component.js:9650:3)
	at &lt;anonymous class&gt;.DelayedCommand.prototype.executeInternal_/h(file:///C:/WINDOWS/TEMP/anonymous6015252692286845403webdriver-profile/extensions/fxdriver@googlecode.com/components/command-processor.js:11635:16)
	at &lt;anonymous class&gt;.DelayedCommand.prototype.executeInternal_(file:///C:/WINDOWS/TEMP/anonymous6015252692286845403webdriver-profile/extensions/fxdriver@googlecode.com/components/command-processor.js:11640:7)
	at &lt;anonymous class&gt;.DelayedCommand.prototype.execute/&lt;(file:///C:/WINDOWS/TEMP/anonymous6015252692286845403webdriver-profile/extensions/fxdriver@googlecode.com/components/command-processor.js:11582:5)
</failure>
  </testcase>
  <testcase classname="caigouModelTest.yiquerendecaigoudanTest" name="kehuliebiaoo" time="7.133">
    <failure message="Unable to locate element: {&quot;method&quot;:&quot;link text&quot;,&quot;selector&quot;:&quot;已确认的采购单&quot;}
Command duration or timeout: 297 milliseconds
For documentation on this error, please visit: http://seleniumhq.org/exceptions/no_such_element.html
Build info: version: &apos;2.44.0&apos;, revision: &apos;76d78cf323ce037c5f92db6c1bba601c2ac43ad8&apos;, time: &apos;2014-10-23 13:11:40&apos;
System info: host: &apos;DESKTOP-1KEC5HB&apos;, ip: &apos;192.168.174.1&apos;, os.name: &apos;Windows 10&apos;, os.arch: &apos;amd64&apos;, os.version: &apos;10.0&apos;, java.version: &apos;1.8.0_181&apos;
Driver info: org.openqa.selenium.firefox.FirefoxDriver
Capabilities [{applicationCacheEnabled=true, rotatable=false, handlesAlerts=true, databaseEnabled=true, version=33.0.2, platform=WINDOWS, nativeEvents=true, acceptSslCerts=true, webStorageEnabled=true, locationContextEnabled=true, browserName=firefox, takesScreenshot=true, javascriptEnabled=true, cssSelectorsEnabled=true}]
Session ID: b6c836fd-cae5-44fe-b576-fa26fc73785a" type="org.openqa.selenium.NoSuchElementException">org.openqa.selenium.NoSuchElementException: Unable to locate element: {&quot;method&quot;:&quot;link text&quot;,&quot;selector&quot;:&quot;已确认的采购单&quot;}
Command duration or timeout: 297 milliseconds
For documentation on this error, please visit: http://seleniumhq.org/exceptions/no_such_element.html
Build info: version: &apos;2.44.0&apos;, revision: &apos;76d78cf323ce037c5f92db6c1bba601c2ac43ad8&apos;, time: &apos;2014-10-23 13:11:40&apos;
System info: host: &apos;DESKTOP-1KEC5HB&apos;, ip: &apos;192.168.174.1&apos;, os.name: &apos;Windows 10&apos;, os.arch: &apos;amd64&apos;, os.version: &apos;10.0&apos;, java.version: &apos;1.8.0_181&apos;
Driver info: org.openqa.selenium.firefox.FirefoxDriver
Capabilities [{applicationCacheEnabled=true, rotatable=false, handlesAlerts=true, databaseEnabled=true, version=33.0.2, platform=WINDOWS, nativeEvents=true, acceptSslCerts=true, webStorageEnabled=true, locationContextEnabled=true, browserName=firefox, takesScreenshot=true, javascriptEnabled=true, cssSelectorsEnabled=true}]
Session ID: b6c836fd-cae5-44fe-b576-fa26fc73785a
	at sun.reflect.NativeConstructorAccessorImpl.newInstance0(Native Method)
	at sun.reflect.NativeConstructorAccessorImpl.newInstance(NativeConstructorAccessorImpl.java:62)
	at sun.reflect.DelegatingConstructorAccessorImpl.newInstance(DelegatingConstructorAccessorImpl.java:45)
	at java.lang.reflect.Constructor.newInstance(Constructor.java:423)
	at org.openqa.selenium.remote.ErrorHandler.createThrowable(ErrorHandler.java:204)
	at org.openqa.selenium.remote.ErrorHandler.throwIfResponseFailed(ErrorHandler.java:156)
	at org.openqa.selenium.remote.RemoteWebDriver.execute(RemoteWebDriver.java:599)
	at org.openqa.selenium.remote.RemoteWebDriver.findElement(RemoteWebDriver.java:352)
	at org.openqa.selenium.remote.RemoteWebDriver.findElementByLinkText(RemoteWebDriver.java:401)
	at org.openqa.selenium.By$ByLinkText.findElement(By.java:242)
	at org.openqa.selenium.remote.RemoteWebDriver.findElement(RemoteWebDriver.java:344)
	at caigouModelTest.yiquerendecaigoudanTest.kehuliebiaoo(yiquerendecaigoudanTest.java:23)
Caused by: org.openqa.selenium.NoSuchElementException: Unable to locate element: {&quot;method&quot;:&quot;link text&quot;,&quot;selector&quot;:&quot;已确认的采购单&quot;}
For documentation on this error, please visit: http://seleniumhq.org/exceptions/no_such_element.html
Build info: version: &apos;2.44.0&apos;, revision: &apos;76d78cf323ce037c5f92db6c1bba601c2ac43ad8&apos;, time: &apos;2014-10-23 13:11:40&apos;
System info: host: &apos;DESKTOP-1KEC5HB&apos;, ip: &apos;192.168.174.1&apos;, os.name: &apos;Windows 10&apos;, os.arch: &apos;amd64&apos;, os.version: &apos;10.0&apos;, java.version: &apos;1.8.0_181&apos;
Driver info: driver.version: unknown
	at &lt;anonymous class&gt;.FirefoxDriver.prototype.findElementInternal_(file:///C:/WINDOWS/TEMP/anonymous887722679216476084webdriver-profile/extensions/fxdriver@googlecode.com/components/driver-component.js:9641:26)
	at &lt;anonymous class&gt;.FirefoxDriver.prototype.findElement(file:///C:/WINDOWS/TEMP/anonymous887722679216476084webdriver-profile/extensions/fxdriver@googlecode.com/components/driver-component.js:9650:3)
	at &lt;anonymous class&gt;.DelayedCommand.prototype.executeInternal_/h(file:///C:/WINDOWS/TEMP/anonymous887722679216476084webdriver-profile/extensions/fxdriver@googlecode.com/components/command-processor.js:11635:16)
	at &lt;anonymous class&gt;.DelayedCommand.prototype.executeInternal_(file:///C:/WINDOWS/TEMP/anonymous887722679216476084webdriver-profile/extensions/fxdriver@googlecode.com/components/command-processor.js:11640:7)
	at &lt;anonymous class&gt;.DelayedCommand.prototype.execute/&lt;(file:///C:/WINDOWS/TEMP/anonymous887722679216476084webdriver-profile/extensions/fxdriver@googlecode.com/components/command-processor.js:11582:5)
</failure>
  </testcase>
  <testcase classname="caigouModelTest.yiquxiaodecaigoudanTest" name="kehuliebiaoo" time="7.221">
    <failure message="Unable to locate element: {&quot;method&quot;:&quot;link text&quot;,&quot;selector&quot;:&quot;已取消的采购单&quot;}
Command duration or timeout: 257 milliseconds
For documentation on this error, please visit: http://seleniumhq.org/exceptions/no_such_element.html
Build info: version: &apos;2.44.0&apos;, revision: &apos;76d78cf323ce037c5f92db6c1bba601c2ac43ad8&apos;, time: &apos;2014-10-23 13:11:40&apos;
System info: host: &apos;DESKTOP-1KEC5HB&apos;, ip: &apos;192.168.174.1&apos;, os.name: &apos;Windows 10&apos;, os.arch: &apos;amd64&apos;, os.version: &apos;10.0&apos;, java.version: &apos;1.8.0_181&apos;
Driver info: org.openqa.selenium.firefox.FirefoxDriver
Capabilities [{applicationCacheEnabled=true, rotatable=false, handlesAlerts=true, databaseEnabled=true, version=33.0.2, platform=WINDOWS, nativeEvents=true, acceptSslCerts=true, webStorageEnabled=true, locationContextEnabled=true, browserName=firefox, takesScreenshot=true, javascriptEnabled=true, cssSelectorsEnabled=true}]
Session ID: 89fcd29d-803f-4fe3-95bb-42fe93afdc29" type="org.openqa.selenium.NoSuchElementException">org.openqa.selenium.NoSuchElementException: Unable to locate element: {&quot;method&quot;:&quot;link text&quot;,&quot;selector&quot;:&quot;已取消的采购单&quot;}
Command duration or timeout: 257 milliseconds
For documentation on this error, please visit: http://seleniumhq.org/exceptions/no_such_element.html
Build info: version: &apos;2.44.0&apos;, revision: &apos;76d78cf323ce037c5f92db6c1bba601c2ac43ad8&apos;, time: &apos;2014-10-23 13:11:40&apos;
System info: host: &apos;DESKTOP-1KEC5HB&apos;, ip: &apos;192.168.174.1&apos;, os.name: &apos;Windows 10&apos;, os.arch: &apos;amd64&apos;, os.version: &apos;10.0&apos;, java.version: &apos;1.8.0_181&apos;
Driver info: org.openqa.selenium.firefox.FirefoxDriver
Capabilities [{applicationCacheEnabled=true, rotatable=false, handlesAlerts=true, databaseEnabled=true, version=33.0.2, platform=WINDOWS, nativeEvents=true, acceptSslCerts=true, webStorageEnabled=true, locationContextEnabled=true, browserName=firefox, takesScreenshot=true, javascriptEnabled=true, cssSelectorsEnabled=true}]
Session ID: 89fcd29d-803f-4fe3-95bb-42fe93afdc29
	at sun.reflect.NativeConstructorAccessorImpl.newInstance0(Native Method)
	at sun.reflect.NativeConstructorAccessorImpl.newInstance(NativeConstructorAccessorImpl.java:62)
	at sun.reflect.DelegatingConstructorAccessorImpl.newInstance(DelegatingConstructorAccessorImpl.java:45)
	at java.lang.reflect.Constructor.newInstance(Constructor.java:423)
	at org.openqa.selenium.remote.ErrorHandler.createThrowable(ErrorHandler.java:204)
	at org.openqa.selenium.remote.ErrorHandler.throwIfResponseFailed(ErrorHandler.java:156)
	at org.openqa.selenium.remote.RemoteWebDriver.execute(RemoteWebDriver.java:599)
	at org.openqa.selenium.remote.RemoteWebDriver.findElement(RemoteWebDriver.java:352)
	at org.openqa.selenium.remote.RemoteWebDriver.findElementByLinkText(RemoteWebDriver.java:401)
	at org.openqa.selenium.By$ByLinkText.findElement(By.java:242)
	at org.openqa.selenium.remote.RemoteWebDriver.findElement(RemoteWebDriver.java:344)
	at caigouModelTest.yiquxiaodecaigoudanTest.kehuliebiaoo(yiquxiaodecaigoudanTest.java:23)
Caused by: org.openqa.selenium.NoSuchElementException: Unable to locate element: {&quot;method&quot;:&quot;link text&quot;,&quot;selector&quot;:&quot;已取消的采购单&quot;}
For documentation on this error, please visit: http://seleniumhq.org/exceptions/no_such_element.html
Build info: version: &apos;2.44.0&apos;, revision: &apos;76d78cf323ce037c5f92db6c1bba601c2ac43ad8&apos;, time: &apos;2014-10-23 13:11:40&apos;
System info: host: &apos;DESKTOP-1KEC5HB&apos;, ip: &apos;192.168.174.1&apos;, os.name: &apos;Windows 10&apos;, os.arch: &apos;amd64&apos;, os.version: &apos;10.0&apos;, java.version: &apos;1.8.0_181&apos;
Driver info: driver.version: unknown
	at &lt;anonymous class&gt;.FirefoxDriver.prototype.findElementInternal_(file:///C:/WINDOWS/TEMP/anonymous3778310646903895956webdriver-profile/extensions/fxdriver@googlecode.com/components/driver-component.js:9641:26)
	at &lt;anonymous class&gt;.FirefoxDriver.prototype.findElement(file:///C:/WINDOWS/TEMP/anonymous3778310646903895956webdriver-profile/extensions/fxdriver@googlecode.com/components/driver-component.js:9650:3)
	at &lt;anonymous class&gt;.DelayedCommand.prototype.executeInternal_/h(file:///C:/WINDOWS/TEMP/anonymous3778310646903895956webdriver-profile/extensions/fxdriver@googlecode.com/components/command-processor.js:11635:16)
	at &lt;anonymous class&gt;.DelayedCommand.prototype.executeInternal_(file:///C:/WINDOWS/TEMP/anonymous3778310646903895956webdriver-profile/extensions/fxdriver@googlecode.com/components/command-processor.js:11640:7)
	at &lt;anonymous class&gt;.DelayedCommand.prototype.execute/&lt;(file:///C:/WINDOWS/TEMP/anonymous3778310646903895956webdriver-profile/extensions/fxdriver@googlecode.com/components/command-processor.js:11582:5)
</failure>
  </testcase>
  <testcase classname="caiwuguanliModelTest.caigoubaobiaoTest" name="kehuliebiaoo" time="6.951">
    <failure message="Unable to locate element: {&quot;method&quot;:&quot;link text&quot;,&quot;selector&quot;:&quot;采购报表&quot;}
Command duration or timeout: 254 milliseconds
For documentation on this error, please visit: http://seleniumhq.org/exceptions/no_such_element.html
Build info: version: &apos;2.44.0&apos;, revision: &apos;76d78cf323ce037c5f92db6c1bba601c2ac43ad8&apos;, time: &apos;2014-10-23 13:11:40&apos;
System info: host: &apos;DESKTOP-1KEC5HB&apos;, ip: &apos;192.168.174.1&apos;, os.name: &apos;Windows 10&apos;, os.arch: &apos;amd64&apos;, os.version: &apos;10.0&apos;, java.version: &apos;1.8.0_181&apos;
Driver info: org.openqa.selenium.firefox.FirefoxDriver
Capabilities [{applicationCacheEnabled=true, rotatable=false, handlesAlerts=true, databaseEnabled=true, version=33.0.2, platform=WINDOWS, nativeEvents=true, acceptSslCerts=true, webStorageEnabled=true, locationContextEnabled=true, browserName=firefox, takesScreenshot=true, javascriptEnabled=true, cssSelectorsEnabled=true}]
Session ID: b892d8f2-7172-4c26-8752-e1a2823927da" type="org.openqa.selenium.NoSuchElementException">org.openqa.selenium.NoSuchElementException: Unable to locate element: {&quot;method&quot;:&quot;link text&quot;,&quot;selector&quot;:&quot;采购报表&quot;}
Command duration or timeout: 254 milliseconds
For documentation on this error, please visit: http://seleniumhq.org/exceptions/no_such_element.html
Build info: version: &apos;2.44.0&apos;, revision: &apos;76d78cf323ce037c5f92db6c1bba601c2ac43ad8&apos;, time: &apos;2014-10-23 13:11:40&apos;
System info: host: &apos;DESKTOP-1KEC5HB&apos;, ip: &apos;192.168.174.1&apos;, os.name: &apos;Windows 10&apos;, os.arch: &apos;amd64&apos;, os.version: &apos;10.0&apos;, java.version: &apos;1.8.0_181&apos;
Driver info: org.openqa.selenium.firefox.FirefoxDriver
Capabilities [{applicationCacheEnabled=true, rotatable=false, handlesAlerts=true, databaseEnabled=true, version=33.0.2, platform=WINDOWS, nativeEvents=true, acceptSslCerts=true, webStorageEnabled=true, locationContextEnabled=true, browserName=firefox, takesScreenshot=true, javascriptEnabled=true, cssSelectorsEnabled=true}]
Session ID: b892d8f2-7172-4c26-8752-e1a2823927da
	at sun.reflect.NativeConstructorAccessorImpl.newInstance0(Native Method)
	at sun.reflect.NativeConstructorAccessorImpl.newInstance(NativeConstructorAccessorImpl.java:62)
	at sun.reflect.DelegatingConstructorAccessorImpl.newInstance(DelegatingConstructorAccessorImpl.java:45)
	at java.lang.reflect.Constructor.newInstance(Constructor.java:423)
	at org.openqa.selenium.remote.ErrorHandler.createThrowable(ErrorHandler.java:204)
	at org.openqa.selenium.remote.ErrorHandler.throwIfResponseFailed(ErrorHandler.java:156)
	at org.openqa.selenium.remote.RemoteWebDriver.execute(RemoteWebDriver.java:599)
	at org.openqa.selenium.remote.RemoteWebDriver.findElement(RemoteWebDriver.java:352)
	at org.openqa.selenium.remote.RemoteWebDriver.findElementByLinkText(RemoteWebDriver.java:401)
	at org.openqa.selenium.By$ByLinkText.findElement(By.java:242)
	at org.openqa.selenium.remote.RemoteWebDriver.findElement(RemoteWebDriver.java:344)
	at caiwuguanliModelTest.caigoubaobiaoTest.kehuliebiaoo(caigoubaobiaoTest.java:23)
Caused by: org.openqa.selenium.NoSuchElementException: Unable to locate element: {&quot;method&quot;:&quot;link text&quot;,&quot;selector&quot;:&quot;采购报表&quot;}
For documentation on this error, please visit: http://seleniumhq.org/exceptions/no_such_element.html
Build info: version: &apos;2.44.0&apos;, revision: &apos;76d78cf323ce037c5f92db6c1bba601c2ac43ad8&apos;, time: &apos;2014-10-23 13:11:40&apos;
System info: host: &apos;DESKTOP-1KEC5HB&apos;, ip: &apos;192.168.174.1&apos;, os.name: &apos;Windows 10&apos;, os.arch: &apos;amd64&apos;, os.version: &apos;10.0&apos;, java.version: &apos;1.8.0_181&apos;
Driver info: driver.version: unknown
	at &lt;anonymous class&gt;.FirefoxDriver.prototype.findElementInternal_(file:///C:/WINDOWS/TEMP/anonymous4800933861509609380webdriver-profile/extensions/fxdriver@googlecode.com/components/driver-component.js:9641:26)
	at &lt;anonymous class&gt;.FirefoxDriver.prototype.findElement(file:///C:/WINDOWS/TEMP/anonymous4800933861509609380webdriver-profile/extensions/fxdriver@googlecode.com/components/driver-component.js:9650:3)
	at &lt;anonymous class&gt;.DelayedCommand.prototype.executeInternal_/h(file:///C:/WINDOWS/TEMP/anonymous4800933861509609380webdriver-profile/extensions/fxdriver@googlecode.com/components/command-processor.js:11635:16)
	at &lt;anonymous class&gt;.DelayedCommand.prototype.executeInternal_(file:///C:/WINDOWS/TEMP/anonymous4800933861509609380webdriver-profile/extensions/fxdriver@googlecode.com/components/command-processor.js:11640:7)
	at &lt;anonymous class&gt;.DelayedCommand.prototype.execute/&lt;(file:///C:/WINDOWS/TEMP/anonymous4800933861509609380webdriver-profile/extensions/fxdriver@googlecode.com/components/command-processor.js:11582:5)
</failure>
  </testcase>
  <testcase classname="caiwuguanliModelTest.caigoutuihuobaobiaoTest" name="kehuliebiaoo" time="7.005">
    <failure message="Unable to locate element: {&quot;method&quot;:&quot;link text&quot;,&quot;selector&quot;:&quot;采购退货报表&quot;}
Command duration or timeout: 260 milliseconds
For documentation on this error, please visit: http://seleniumhq.org/exceptions/no_such_element.html
Build info: version: &apos;2.44.0&apos;, revision: &apos;76d78cf323ce037c5f92db6c1bba601c2ac43ad8&apos;, time: &apos;2014-10-23 13:11:40&apos;
System info: host: &apos;DESKTOP-1KEC5HB&apos;, ip: &apos;192.168.174.1&apos;, os.name: &apos;Windows 10&apos;, os.arch: &apos;amd64&apos;, os.version: &apos;10.0&apos;, java.version: &apos;1.8.0_181&apos;
Driver info: org.openqa.selenium.firefox.FirefoxDriver
Capabilities [{applicationCacheEnabled=true, rotatable=false, handlesAlerts=true, databaseEnabled=true, version=33.0.2, platform=WINDOWS, nativeEvents=true, acceptSslCerts=true, webStorageEnabled=true, locationContextEnabled=true, browserName=firefox, takesScreenshot=true, javascriptEnabled=true, cssSelectorsEnabled=true}]
Session ID: 825d5458-6b5a-4835-9a8a-d9ef2e53eb48" type="org.openqa.selenium.NoSuchElementException">org.openqa.selenium.NoSuchElementException: Unable to locate element: {&quot;method&quot;:&quot;link text&quot;,&quot;selector&quot;:&quot;采购退货报表&quot;}
Command duration or timeout: 260 milliseconds
For documentation on this error, please visit: http://seleniumhq.org/exceptions/no_such_element.html
Build info: version: &apos;2.44.0&apos;, revision: &apos;76d78cf323ce037c5f92db6c1bba601c2ac43ad8&apos;, time: &apos;2014-10-23 13:11:40&apos;
System info: host: &apos;DESKTOP-1KEC5HB&apos;, ip: &apos;192.168.174.1&apos;, os.name: &apos;Windows 10&apos;, os.arch: &apos;amd64&apos;, os.version: &apos;10.0&apos;, java.version: &apos;1.8.0_181&apos;
Driver info: org.openqa.selenium.firefox.FirefoxDriver
Capabilities [{applicationCacheEnabled=true, rotatable=false, handlesAlerts=true, databaseEnabled=true, version=33.0.2, platform=WINDOWS, nativeEvents=true, acceptSslCerts=true, webStorageEnabled=true, locationContextEnabled=true, browserName=firefox, takesScreenshot=true, javascriptEnabled=true, cssSelectorsEnabled=true}]
Session ID: 825d5458-6b5a-4835-9a8a-d9ef2e53eb48
	at sun.reflect.NativeConstructorAccessorImpl.newInstance0(Native Method)
	at sun.reflect.NativeConstructorAccessorImpl.newInstance(NativeConstructorAccessorImpl.java:62)
	at sun.reflect.DelegatingConstructorAccessorImpl.newInstance(DelegatingConstructorAccessorImpl.java:45)
	at java.lang.reflect.Constructor.newInstance(Constructor.java:423)
	at org.openqa.selenium.remote.ErrorHandler.createThrowable(ErrorHandler.java:204)
	at org.openqa.selenium.remote.ErrorHandler.throwIfResponseFailed(ErrorHandler.java:156)
	at org.openqa.selenium.remote.RemoteWebDriver.execute(RemoteWebDriver.java:599)
	at org.openqa.selenium.remote.RemoteWebDriver.findElement(RemoteWebDriver.java:352)
	at org.openqa.selenium.remote.RemoteWebDriver.findElementByLinkText(RemoteWebDriver.java:401)
	at org.openqa.selenium.By$ByLinkText.findElement(By.java:242)
	at org.openqa.selenium.remote.RemoteWebDriver.findElement(RemoteWebDriver.java:344)
	at caiwuguanliModelTest.caigoutuihuobaobiaoTest.kehuliebiaoo(caigoutuihuobaobiaoTest.java:23)
Caused by: org.openqa.selenium.NoSuchElementException: Unable to locate element: {&quot;method&quot;:&quot;link text&quot;,&quot;selector&quot;:&quot;采购退货报表&quot;}
For documentation on this error, please visit: http://seleniumhq.org/exceptions/no_such_element.html
Build info: version: &apos;2.44.0&apos;, revision: &apos;76d78cf323ce037c5f92db6c1bba601c2ac43ad8&apos;, time: &apos;2014-10-23 13:11:40&apos;
System info: host: &apos;DESKTOP-1KEC5HB&apos;, ip: &apos;192.168.174.1&apos;, os.name: &apos;Windows 10&apos;, os.arch: &apos;amd64&apos;, os.version: &apos;10.0&apos;, java.version: &apos;1.8.0_181&apos;
Driver info: driver.version: unknown
	at &lt;anonymous class&gt;.FirefoxDriver.prototype.findElementInternal_(file:///C:/WINDOWS/TEMP/anonymous3893190061537389315webdriver-profile/extensions/fxdriver@googlecode.com/components/driver-component.js:9641:26)
	at &lt;anonymous class&gt;.FirefoxDriver.prototype.findElement(file:///C:/WINDOWS/TEMP/anonymous3893190061537389315webdriver-profile/extensions/fxdriver@googlecode.com/components/driver-component.js:9650:3)
	at &lt;anonymous class&gt;.DelayedCommand.prototype.executeInternal_/h(file:///C:/WINDOWS/TEMP/anonymous3893190061537389315webdriver-profile/extensions/fxdriver@googlecode.com/components/command-processor.js:11635:16)
	at &lt;anonymous class&gt;.DelayedCommand.prototype.executeInternal_(file:///C:/WINDOWS/TEMP/anonymous3893190061537389315webdriver-profile/extensions/fxdriver@googlecode.com/components/command-processor.js:11640:7)
	at &lt;anonymous class&gt;.DelayedCommand.prototype.execute/&lt;(file:///C:/WINDOWS/TEMP/anonymous3893190061537389315webdriver-profile/extensions/fxdriver@googlecode.com/components/command-processor.js:11582:5)
</failure>
  </testcase>
  <testcase classname="caiwuguanliModelTest.shoukuanzhanghaoguanliTest" name="kehuliebiaoo" time="7.02">
    <failure message="Unable to locate element: {&quot;method&quot;:&quot;link text&quot;,&quot;selector&quot;:&quot;收款账号管理&quot;}
Command duration or timeout: 244 milliseconds
For documentation on this error, please visit: http://seleniumhq.org/exceptions/no_such_element.html
Build info: version: &apos;2.44.0&apos;, revision: &apos;76d78cf323ce037c5f92db6c1bba601c2ac43ad8&apos;, time: &apos;2014-10-23 13:11:40&apos;
System info: host: &apos;DESKTOP-1KEC5HB&apos;, ip: &apos;192.168.174.1&apos;, os.name: &apos;Windows 10&apos;, os.arch: &apos;amd64&apos;, os.version: &apos;10.0&apos;, java.version: &apos;1.8.0_181&apos;
Driver info: org.openqa.selenium.firefox.FirefoxDriver
Capabilities [{applicationCacheEnabled=true, rotatable=false, handlesAlerts=true, databaseEnabled=true, version=33.0.2, platform=WINDOWS, nativeEvents=true, acceptSslCerts=true, webStorageEnabled=true, locationContextEnabled=true, browserName=firefox, takesScreenshot=true, javascriptEnabled=true, cssSelectorsEnabled=true}]
Session ID: e07ea666-326e-4391-94ff-29873a049c2e" type="org.openqa.selenium.NoSuchElementException">org.openqa.selenium.NoSuchElementException: Unable to locate element: {&quot;method&quot;:&quot;link text&quot;,&quot;selector&quot;:&quot;收款账号管理&quot;}
Command duration or timeout: 244 milliseconds
For documentation on this error, please visit: http://seleniumhq.org/exceptions/no_such_element.html
Build info: version: &apos;2.44.0&apos;, revision: &apos;76d78cf323ce037c5f92db6c1bba601c2ac43ad8&apos;, time: &apos;2014-10-23 13:11:40&apos;
System info: host: &apos;DESKTOP-1KEC5HB&apos;, ip: &apos;192.168.174.1&apos;, os.name: &apos;Windows 10&apos;, os.arch: &apos;amd64&apos;, os.version: &apos;10.0&apos;, java.version: &apos;1.8.0_181&apos;
Driver info: org.openqa.selenium.firefox.FirefoxDriver
Capabilities [{applicationCacheEnabled=true, rotatable=false, handlesAlerts=true, databaseEnabled=true, version=33.0.2, platform=WINDOWS, nativeEvents=true, acceptSslCerts=true, webStorageEnabled=true, locationContextEnabled=true, browserName=firefox, takesScreenshot=true, javascriptEnabled=true, cssSelectorsEnabled=true}]
Session ID: e07ea666-326e-4391-94ff-29873a049c2e
	at sun.reflect.NativeConstructorAccessorImpl.newInstance0(Native Method)
	at sun.reflect.NativeConstructorAccessorImpl.newInstance(NativeConstructorAccessorImpl.java:62)
	at sun.reflect.DelegatingConstructorAccessorImpl.newInstance(DelegatingConstructorAccessorImpl.java:45)
	at java.lang.reflect.Constructor.newInstance(Constructor.java:423)
	at org.openqa.selenium.remote.ErrorHandler.createThrowable(ErrorHandler.java:204)
	at org.openqa.selenium.remote.ErrorHandler.throwIfResponseFailed(ErrorHandler.java:156)
	at org.openqa.selenium.remote.RemoteWebDriver.execute(RemoteWebDriver.java:599)
	at org.openqa.selenium.remote.RemoteWebDriver.findElement(RemoteWebDriver.java:352)
	at org.openqa.selenium.remote.RemoteWebDriver.findElementByLinkText(RemoteWebDriver.java:401)
	at org.openqa.selenium.By$ByLinkText.findElement(By.java:242)
	at org.openqa.selenium.remote.RemoteWebDriver.findElement(RemoteWebDriver.java:344)
	at caiwuguanliModelTest.shoukuanzhanghaoguanliTest.kehuliebiaoo(shoukuanzhanghaoguanliTest.java:23)
Caused by: org.openqa.selenium.NoSuchElementException: Unable to locate element: {&quot;method&quot;:&quot;link text&quot;,&quot;selector&quot;:&quot;收款账号管理&quot;}
For documentation on this error, please visit: http://seleniumhq.org/exceptions/no_such_element.html
Build info: version: &apos;2.44.0&apos;, revision: &apos;76d78cf323ce037c5f92db6c1bba601c2ac43ad8&apos;, time: &apos;2014-10-23 13:11:40&apos;
System info: host: &apos;DESKTOP-1KEC5HB&apos;, ip: &apos;192.168.174.1&apos;, os.name: &apos;Windows 10&apos;, os.arch: &apos;amd64&apos;, os.version: &apos;10.0&apos;, java.version: &apos;1.8.0_181&apos;
Driver info: driver.version: unknown
	at &lt;anonymous class&gt;.FirefoxDriver.prototype.findElementInternal_(file:///C:/WINDOWS/TEMP/anonymous9212469583086670485webdriver-profile/extensions/fxdriver@googlecode.com/components/driver-component.js:9641:26)
	at &lt;anonymous class&gt;.FirefoxDriver.prototype.findElement(file:///C:/WINDOWS/TEMP/anonymous9212469583086670485webdriver-profile/extensions/fxdriver@googlecode.com/components/driver-component.js:9650:3)
	at &lt;anonymous class&gt;.DelayedCommand.prototype.executeInternal_/h(file:///C:/WINDOWS/TEMP/anonymous9212469583086670485webdriver-profile/extensions/fxdriver@googlecode.com/components/command-processor.js:11635:16)
	at &lt;anonymous class&gt;.DelayedCommand.prototype.executeInternal_(file:///C:/WINDOWS/TEMP/anonymous9212469583086670485webdriver-profile/extensions/fxdriver@googlecode.com/components/command-processor.js:11640:7)
	at &lt;anonymous class&gt;.DelayedCommand.prototype.execute/&lt;(file:///C:/WINDOWS/TEMP/anonymous9212469583086670485webdriver-profile/extensions/fxdriver@googlecode.com/components/command-processor.js:11582:5)
</failure>
  </testcase>
  <testcase classname="caiwuguanliModelTest.weijiesuandedingdanTest" name="kehuliebiaoo" time="11.203"/>
  <testcase classname="caiwuguanliModelTest.xiaoshoufanliTest" name="kehuliebiaoo" time="6.99">
    <failure message="Unable to locate element: {&quot;method&quot;:&quot;link text&quot;,&quot;selector&quot;:&quot;销售返利&quot;}
Command duration or timeout: 249 milliseconds
For documentation on this error, please visit: http://seleniumhq.org/exceptions/no_such_element.html
Build info: version: &apos;2.44.0&apos;, revision: &apos;76d78cf323ce037c5f92db6c1bba601c2ac43ad8&apos;, time: &apos;2014-10-23 13:11:40&apos;
System info: host: &apos;DESKTOP-1KEC5HB&apos;, ip: &apos;192.168.174.1&apos;, os.name: &apos;Windows 10&apos;, os.arch: &apos;amd64&apos;, os.version: &apos;10.0&apos;, java.version: &apos;1.8.0_181&apos;
Driver info: org.openqa.selenium.firefox.FirefoxDriver
Capabilities [{applicationCacheEnabled=true, rotatable=false, handlesAlerts=true, databaseEnabled=true, version=33.0.2, platform=WINDOWS, nativeEvents=true, acceptSslCerts=true, webStorageEnabled=true, locationContextEnabled=true, browserName=firefox, takesScreenshot=true, javascriptEnabled=true, cssSelectorsEnabled=true}]
Session ID: 8bce488e-c70f-4e8c-8c56-9f9979ab7333" type="org.openqa.selenium.NoSuchElementException">org.openqa.selenium.NoSuchElementException: Unable to locate element: {&quot;method&quot;:&quot;link text&quot;,&quot;selector&quot;:&quot;销售返利&quot;}
Command duration or timeout: 249 milliseconds
For documentation on this error, please visit: http://seleniumhq.org/exceptions/no_such_element.html
Build info: version: &apos;2.44.0&apos;, revision: &apos;76d78cf323ce037c5f92db6c1bba601c2ac43ad8&apos;, time: &apos;2014-10-23 13:11:40&apos;
System info: host: &apos;DESKTOP-1KEC5HB&apos;, ip: &apos;192.168.174.1&apos;, os.name: &apos;Windows 10&apos;, os.arch: &apos;amd64&apos;, os.version: &apos;10.0&apos;, java.version: &apos;1.8.0_181&apos;
Driver info: org.openqa.selenium.firefox.FirefoxDriver
Capabilities [{applicationCacheEnabled=true, rotatable=false, handlesAlerts=true, databaseEnabled=true, version=33.0.2, platform=WINDOWS, nativeEvents=true, acceptSslCerts=true, webStorageEnabled=true, locationContextEnabled=true, browserName=firefox, takesScreenshot=true, javascriptEnabled=true, cssSelectorsEnabled=true}]
Session ID: 8bce488e-c70f-4e8c-8c56-9f9979ab7333
	at sun.reflect.NativeConstructorAccessorImpl.newInstance0(Native Method)
	at sun.reflect.NativeConstructorAccessorImpl.newInstance(NativeConstructorAccessorImpl.java:62)
	at sun.reflect.DelegatingConstructorAccessorImpl.newInstance(DelegatingConstructorAccessorImpl.java:45)
	at java.lang.reflect.Constructor.newInstance(Constructor.java:423)
	at org.openqa.selenium.remote.ErrorHandler.createThrowable(ErrorHandler.java:204)
	at org.openqa.selenium.remote.ErrorHandler.throwIfResponseFailed(ErrorHandler.java:156)
	at org.openqa.selenium.remote.RemoteWebDriver.execute(RemoteWebDriver.java:599)
	at org.openqa.selenium.remote.RemoteWebDriver.findElement(RemoteWebDriver.java:352)
	at org.openqa.selenium.remote.RemoteWebDriver.findElementByLinkText(RemoteWebDriver.java:401)
	at org.openqa.selenium.By$ByLinkText.findElement(By.java:242)
	at org.openqa.selenium.remote.RemoteWebDriver.findElement(RemoteWebDriver.java:344)
	at caiwuguanliModelTest.xiaoshoufanliTest.kehuliebiaoo(xiaoshoufanliTest.java:23)
Caused by: org.openqa.selenium.NoSuchElementException: Unable to locate element: {&quot;method&quot;:&quot;link text&quot;,&quot;selector&quot;:&quot;销售返利&quot;}
For documentation on this error, please visit: http://seleniumhq.org/exceptions/no_such_element.html
Build info: version: &apos;2.44.0&apos;, revision: &apos;76d78cf323ce037c5f92db6c1bba601c2ac43ad8&apos;, time: &apos;2014-10-23 13:11:40&apos;
System info: host: &apos;DESKTOP-1KEC5HB&apos;, ip: &apos;192.168.174.1&apos;, os.name: &apos;Windows 10&apos;, os.arch: &apos;amd64&apos;, os.version: &apos;10.0&apos;, java.version: &apos;1.8.0_181&apos;
Driver info: driver.version: unknown
	at &lt;anonymous class&gt;.FirefoxDriver.prototype.findElementInternal_(file:///C:/WINDOWS/TEMP/anonymous3170180458572474603webdriver-profile/extensions/fxdriver@googlecode.com/components/driver-component.js:9641:26)
	at &lt;anonymous class&gt;.FirefoxDriver.prototype.findElement(file:///C:/WINDOWS/TEMP/anonymous3170180458572474603webdriver-profile/extensions/fxdriver@googlecode.com/components/driver-component.js:9650:3)
	at &lt;anonymous class&gt;.DelayedCommand.prototype.executeInternal_/h(file:///C:/WINDOWS/TEMP/anonymous3170180458572474603webdriver-profile/extensions/fxdriver@googlecode.com/components/command-processor.js:11635:16)
	at &lt;anonymous class&gt;.DelayedCommand.prototype.executeInternal_(file:///C:/WINDOWS/TEMP/anonymous3170180458572474603webdriver-profile/extensions/fxdriver@googlecode.com/components/command-processor.js:11640:7)
	at &lt;anonymous class&gt;.DelayedCommand.prototype.execute/&lt;(file:///C:/WINDOWS/TEMP/anonymous3170180458572474603webdriver-profile/extensions/fxdriver@googlecode.com/components/command-processor.js:11582:5)
</failure>
  </testcase>
  <testcase classname="caiwuguanliModelTest.xiaoshoujiesuanbaobiaoTest" name="kehuliebiaoo" time="11.164"/>
  <testcase classname="caiwuguanliModelTest.xiaoshoulirunbaobiaoTest" name="kehuliebiaoo" time="11.186"/>
  <testcase classname="caiwuguanliModelTest.xiaoshoutongjiTest" name="kehuliebiaoo" time="11.172"/>
  <testcase classname="caiwuguanliModelTest.xiaoshoutuihuobaobiaoTest" name="kehuliebiaoo" time="7.036">
    <failure message="Unable to locate element: {&quot;method&quot;:&quot;link text&quot;,&quot;selector&quot;:&quot;销售退货报表&quot;}
Command duration or timeout: 250 milliseconds
For documentation on this error, please visit: http://seleniumhq.org/exceptions/no_such_element.html
Build info: version: &apos;2.44.0&apos;, revision: &apos;76d78cf323ce037c5f92db6c1bba601c2ac43ad8&apos;, time: &apos;2014-10-23 13:11:40&apos;
System info: host: &apos;DESKTOP-1KEC5HB&apos;, ip: &apos;192.168.174.1&apos;, os.name: &apos;Windows 10&apos;, os.arch: &apos;amd64&apos;, os.version: &apos;10.0&apos;, java.version: &apos;1.8.0_181&apos;
Driver info: org.openqa.selenium.firefox.FirefoxDriver
Capabilities [{applicationCacheEnabled=true, rotatable=false, handlesAlerts=true, databaseEnabled=true, version=33.0.2, platform=WINDOWS, nativeEvents=true, acceptSslCerts=true, webStorageEnabled=true, locationContextEnabled=true, browserName=firefox, takesScreenshot=true, javascriptEnabled=true, cssSelectorsEnabled=true}]
Session ID: 19bc142a-b0cc-48c5-8c35-138a4943262d" type="org.openqa.selenium.NoSuchElementException">org.openqa.selenium.NoSuchElementException: Unable to locate element: {&quot;method&quot;:&quot;link text&quot;,&quot;selector&quot;:&quot;销售退货报表&quot;}
Command duration or timeout: 250 milliseconds
For documentation on this error, please visit: http://seleniumhq.org/exceptions/no_such_element.html
Build info: version: &apos;2.44.0&apos;, revision: &apos;76d78cf323ce037c5f92db6c1bba601c2ac43ad8&apos;, time: &apos;2014-10-23 13:11:40&apos;
System info: host: &apos;DESKTOP-1KEC5HB&apos;, ip: &apos;192.168.174.1&apos;, os.name: &apos;Windows 10&apos;, os.arch: &apos;amd64&apos;, os.version: &apos;10.0&apos;, java.version: &apos;1.8.0_181&apos;
Driver info: org.openqa.selenium.firefox.FirefoxDriver
Capabilities [{applicationCacheEnabled=true, rotatable=false, handlesAlerts=true, databaseEnabled=true, version=33.0.2, platform=WINDOWS, nativeEvents=true, acceptSslCerts=true, webStorageEnabled=true, locationContextEnabled=true, browserName=firefox, takesScreenshot=true, javascriptEnabled=true, cssSelectorsEnabled=true}]
Session ID: 19bc142a-b0cc-48c5-8c35-138a4943262d
	at sun.reflect.NativeConstructorAccessorImpl.newInstance0(Native Method)
	at sun.reflect.NativeConstructorAccessorImpl.newInstance(NativeConstructorAccessorImpl.java:62)
	at sun.reflect.DelegatingConstructorAccessorImpl.newInstance(DelegatingConstructorAccessorImpl.java:45)
	at java.lang.reflect.Constructor.newInstance(Constructor.java:423)
	at org.openqa.selenium.remote.ErrorHandler.createThrowable(ErrorHandler.java:204)
	at org.openqa.selenium.remote.ErrorHandler.throwIfResponseFailed(ErrorHandler.java:156)
	at org.openqa.selenium.remote.RemoteWebDriver.execute(RemoteWebDriver.java:599)
	at org.openqa.selenium.remote.RemoteWebDriver.findElement(RemoteWebDriver.java:352)
	at org.openqa.selenium.remote.RemoteWebDriver.findElementByLinkText(RemoteWebDriver.java:401)
	at org.openqa.selenium.By$ByLinkText.findElement(By.java:242)
	at org.openqa.selenium.remote.RemoteWebDriver.findElement(RemoteWebDriver.java:344)
	at caiwuguanliModelTest.xiaoshoutuihuobaobiaoTest.kehuliebiaoo(xiaoshoutuihuobaobiaoTest.java:23)
Caused by: org.openqa.selenium.NoSuchElementException: Unable to locate element: {&quot;method&quot;:&quot;link text&quot;,&quot;selector&quot;:&quot;销售退货报表&quot;}
For documentation on this error, please visit: http://seleniumhq.org/exceptions/no_such_element.html
Build info: version: &apos;2.44.0&apos;, revision: &apos;76d78cf323ce037c5f92db6c1bba601c2ac43ad8&apos;, time: &apos;2014-10-23 13:11:40&apos;
System info: host: &apos;DESKTOP-1KEC5HB&apos;, ip: &apos;192.168.174.1&apos;, os.name: &apos;Windows 10&apos;, os.arch: &apos;amd64&apos;, os.version: &apos;10.0&apos;, java.version: &apos;1.8.0_181&apos;
Driver info: driver.version: unknown
	at &lt;anonymous class&gt;.FirefoxDriver.prototype.findElementInternal_(file:///C:/WINDOWS/TEMP/anonymous2761609735644947217webdriver-profile/extensions/fxdriver@googlecode.com/components/driver-component.js:9641:26)
	at &lt;anonymous class&gt;.FirefoxDriver.prototype.findElement(file:///C:/WINDOWS/TEMP/anonymous2761609735644947217webdriver-profile/extensions/fxdriver@googlecode.com/components/driver-component.js:9650:3)
	at &lt;anonymous class&gt;.DelayedCommand.prototype.executeInternal_/h(file:///C:/WINDOWS/TEMP/anonymous2761609735644947217webdriver-profile/extensions/fxdriver@googlecode.com/components/command-processor.js:11635:16)
	at &lt;anonymous class&gt;.DelayedCommand.prototype.executeInternal_(file:///C:/WINDOWS/TEMP/anonymous2761609735644947217webdriver-profile/extensions/fxdriver@googlecode.com/components/command-processor.js:11640:7)
	at &lt;anonymous class&gt;.DelayedCommand.prototype.execute/&lt;(file:///C:/WINDOWS/TEMP/anonymous2761609735644947217webdriver-profile/extensions/fxdriver@googlecode.com/components/command-processor.js:11582:5)
</failure>
  </testcase>
  <testcase classname="caiwuguanliModelTest.yijiesuandedingdanTest" name="kehuliebiaoo" time="11.162"/>
  <testcase classname="kehuguanliModelTest.huiyuanliebiaoTest" name="kehuliebiaoo" time="7.008">
    <failure message="Unable to locate element: {&quot;method&quot;:&quot;link text&quot;,&quot;selector&quot;:&quot;会员列表&quot;}
Command duration or timeout: 238 milliseconds
For documentation on this error, please visit: http://seleniumhq.org/exceptions/no_such_element.html
Build info: version: &apos;2.44.0&apos;, revision: &apos;76d78cf323ce037c5f92db6c1bba601c2ac43ad8&apos;, time: &apos;2014-10-23 13:11:40&apos;
System info: host: &apos;DESKTOP-1KEC5HB&apos;, ip: &apos;192.168.174.1&apos;, os.name: &apos;Windows 10&apos;, os.arch: &apos;amd64&apos;, os.version: &apos;10.0&apos;, java.version: &apos;1.8.0_181&apos;
Driver info: org.openqa.selenium.firefox.FirefoxDriver
Capabilities [{applicationCacheEnabled=true, rotatable=false, handlesAlerts=true, databaseEnabled=true, version=33.0.2, platform=WINDOWS, nativeEvents=true, acceptSslCerts=true, webStorageEnabled=true, locationContextEnabled=true, browserName=firefox, takesScreenshot=true, javascriptEnabled=true, cssSelectorsEnabled=true}]
Session ID: b0fb678d-feb4-4d85-9a07-94b38838280e" type="org.openqa.selenium.NoSuchElementException">org.openqa.selenium.NoSuchElementException: Unable to locate element: {&quot;method&quot;:&quot;link text&quot;,&quot;selector&quot;:&quot;会员列表&quot;}
Command duration or timeout: 238 milliseconds
For documentation on this error, please visit: http://seleniumhq.org/exceptions/no_such_element.html
Build info: version: &apos;2.44.0&apos;, revision: &apos;76d78cf323ce037c5f92db6c1bba601c2ac43ad8&apos;, time: &apos;2014-10-23 13:11:40&apos;
System info: host: &apos;DESKTOP-1KEC5HB&apos;, ip: &apos;192.168.174.1&apos;, os.name: &apos;Windows 10&apos;, os.arch: &apos;amd64&apos;, os.version: &apos;10.0&apos;, java.version: &apos;1.8.0_181&apos;
Driver info: org.openqa.selenium.firefox.FirefoxDriver
Capabilities [{applicationCacheEnabled=true, rotatable=false, handlesAlerts=true, databaseEnabled=true, version=33.0.2, platform=WINDOWS, nativeEvents=true, acceptSslCerts=true, webStorageEnabled=true, locationContextEnabled=true, browserName=firefox, takesScreenshot=true, javascriptEnabled=true, cssSelectorsEnabled=true}]
Session ID: b0fb678d-feb4-4d85-9a07-94b38838280e
	at sun.reflect.NativeConstructorAccessorImpl.newInstance0(Native Method)
	at sun.reflect.NativeConstructorAccessorImpl.newInstance(NativeConstructorAccessorImpl.java:62)
	at sun.reflect.DelegatingConstructorAccessorImpl.newInstance(DelegatingConstructorAccessorImpl.java:45)
	at java.lang.reflect.Constructor.newInstance(Constructor.java:423)
	at org.openqa.selenium.remote.ErrorHandler.createThrowable(ErrorHandler.java:204)
	at org.openqa.selenium.remote.ErrorHandler.throwIfResponseFailed(ErrorHandler.java:156)
	at org.openqa.selenium.remote.RemoteWebDriver.execute(RemoteWebDriver.java:599)
	at org.openqa.selenium.remote.RemoteWebDriver.findElement(RemoteWebDriver.java:352)
	at org.openqa.selenium.remote.RemoteWebDriver.findElementByLinkText(RemoteWebDriver.java:401)
	at org.openqa.selenium.By$ByLinkText.findElement(By.java:242)
	at org.openqa.selenium.remote.RemoteWebDriver.findElement(RemoteWebDriver.java:344)
	at kehuguanliModelTest.huiyuanliebiaoTest.kehuliebiaoo(huiyuanliebiaoTest.java:23)
Caused by: org.openqa.selenium.NoSuchElementException: Unable to locate element: {&quot;method&quot;:&quot;link text&quot;,&quot;selector&quot;:&quot;会员列表&quot;}
For documentation on this error, please visit: http://seleniumhq.org/exceptions/no_such_element.html
Build info: version: &apos;2.44.0&apos;, revision: &apos;76d78cf323ce037c5f92db6c1bba601c2ac43ad8&apos;, time: &apos;2014-10-23 13:11:40&apos;
System info: host: &apos;DESKTOP-1KEC5HB&apos;, ip: &apos;192.168.174.1&apos;, os.name: &apos;Windows 10&apos;, os.arch: &apos;amd64&apos;, os.version: &apos;10.0&apos;, java.version: &apos;1.8.0_181&apos;
Driver info: driver.version: unknown
	at &lt;anonymous class&gt;.FirefoxDriver.prototype.findElementInternal_(file:///C:/WINDOWS/TEMP/anonymous9219762654668013097webdriver-profile/extensions/fxdriver@googlecode.com/components/driver-component.js:9641:26)
	at &lt;anonymous class&gt;.FirefoxDriver.prototype.findElement(file:///C:/WINDOWS/TEMP/anonymous9219762654668013097webdriver-profile/extensions/fxdriver@googlecode.com/components/driver-component.js:9650:3)
	at &lt;anonymous class&gt;.DelayedCommand.prototype.executeInternal_/h(file:///C:/WINDOWS/TEMP/anonymous9219762654668013097webdriver-profile/extensions/fxdriver@googlecode.com/components/command-processor.js:11635:16)
	at &lt;anonymous class&gt;.DelayedCommand.prototype.executeInternal_(file:///C:/WINDOWS/TEMP/anonymous9219762654668013097webdriver-profile/extensions/fxdriver@googlecode.com/components/command-processor.js:11640:7)
	at &lt;anonymous class&gt;.DelayedCommand.prototype.execute/&lt;(file:///C:/WINDOWS/TEMP/anonymous9219762654668013097webdriver-profile/extensions/fxdriver@googlecode.com/components/command-processor.js:11582:5)
</failure>
  </testcase>
  <testcase classname="kehuguanliModelTest.shanghuliebiaoTest" name="kehuliebiaoo" time="11.119"/>
  <testcase classname="kehuguanliModelTest.xinzenghuiyuanTest" name="kehuliebiaoo" time="11.14"/>
  <testcase classname="kehuguanliModelTest.xinzengshanghuTest" name="kehuliebiaoo" time="7.019">
    <failure message="Unable to locate element: {&quot;method&quot;:&quot;link text&quot;,&quot;selector&quot;:&quot;新增终端商户&quot;}
Command duration or timeout: 243 milliseconds
For documentation on this error, please visit: http://seleniumhq.org/exceptions/no_such_element.html
Build info: version: &apos;2.44.0&apos;, revision: &apos;76d78cf323ce037c5f92db6c1bba601c2ac43ad8&apos;, time: &apos;2014-10-23 13:11:40&apos;
System info: host: &apos;DESKTOP-1KEC5HB&apos;, ip: &apos;192.168.174.1&apos;, os.name: &apos;Windows 10&apos;, os.arch: &apos;amd64&apos;, os.version: &apos;10.0&apos;, java.version: &apos;1.8.0_181&apos;
Driver info: org.openqa.selenium.firefox.FirefoxDriver
Capabilities [{applicationCacheEnabled=true, rotatable=false, handlesAlerts=true, databaseEnabled=true, version=33.0.2, platform=WINDOWS, nativeEvents=true, acceptSslCerts=true, webStorageEnabled=true, locationContextEnabled=true, browserName=firefox, takesScreenshot=true, javascriptEnabled=true, cssSelectorsEnabled=true}]
Session ID: 522aa5af-4b93-47db-a06c-963fa7ae4d42" type="org.openqa.selenium.NoSuchElementException">org.openqa.selenium.NoSuchElementException: Unable to locate element: {&quot;method&quot;:&quot;link text&quot;,&quot;selector&quot;:&quot;新增终端商户&quot;}
Command duration or timeout: 243 milliseconds
For documentation on this error, please visit: http://seleniumhq.org/exceptions/no_such_element.html
Build info: version: &apos;2.44.0&apos;, revision: &apos;76d78cf323ce037c5f92db6c1bba601c2ac43ad8&apos;, time: &apos;2014-10-23 13:11:40&apos;
System info: host: &apos;DESKTOP-1KEC5HB&apos;, ip: &apos;192.168.174.1&apos;, os.name: &apos;Windows 10&apos;, os.arch: &apos;amd64&apos;, os.version: &apos;10.0&apos;, java.version: &apos;1.8.0_181&apos;
Driver info: org.openqa.selenium.firefox.FirefoxDriver
Capabilities [{applicationCacheEnabled=true, rotatable=false, handlesAlerts=true, databaseEnabled=true, version=33.0.2, platform=WINDOWS, nativeEvents=true, acceptSslCerts=true, webStorageEnabled=true, locationContextEnabled=true, browserName=firefox, takesScreenshot=true, javascriptEnabled=true, cssSelectorsEnabled=true}]
Session ID: 522aa5af-4b93-47db-a06c-963fa7ae4d42
	at sun.reflect.NativeConstructorAccessorImpl.newInstance0(Native Method)
	at sun.reflect.NativeConstructorAccessorImpl.newInstance(NativeConstructorAccessorImpl.java:62)
	at sun.reflect.DelegatingConstructorAccessorImpl.newInstance(DelegatingConstructorAccessorImpl.java:45)
	at java.lang.reflect.Constructor.newInstance(Constructor.java:423)
	at org.openqa.selenium.remote.ErrorHandler.createThrowable(ErrorHandler.java:204)
	at org.openqa.selenium.remote.ErrorHandler.throwIfResponseFailed(ErrorHandler.java:156)
	at org.openqa.selenium.remote.RemoteWebDriver.execute(RemoteWebDriver.java:599)
	at org.openqa.selenium.remote.RemoteWebDriver.findElement(RemoteWebDriver.java:352)
	at org.openqa.selenium.remote.RemoteWebDriver.findElementByLinkText(RemoteWebDriver.java:401)
	at org.openqa.selenium.By$ByLinkText.findElement(By.java:242)
	at org.openqa.selenium.remote.RemoteWebDriver.findElement(RemoteWebDriver.java:344)
	at kehuguanliModelTest.xinzengshanghuTest.kehuliebiaoo(xinzengshanghuTest.java:23)
Caused by: org.openqa.selenium.NoSuchElementException: Unable to locate element: {&quot;method&quot;:&quot;link text&quot;,&quot;selector&quot;:&quot;新增终端商户&quot;}
For documentation on this error, please visit: http://seleniumhq.org/exceptions/no_such_element.html
Build info: version: &apos;2.44.0&apos;, revision: &apos;76d78cf323ce037c5f92db6c1bba601c2ac43ad8&apos;, time: &apos;2014-10-23 13:11:40&apos;
System info: host: &apos;DESKTOP-1KEC5HB&apos;, ip: &apos;192.168.174.1&apos;, os.name: &apos;Windows 10&apos;, os.arch: &apos;amd64&apos;, os.version: &apos;10.0&apos;, java.version: &apos;1.8.0_181&apos;
Driver info: driver.version: unknown
	at &lt;anonymous class&gt;.FirefoxDriver.prototype.findElementInternal_(file:///C:/WINDOWS/TEMP/anonymous7904128522544529419webdriver-profile/extensions/fxdriver@googlecode.com/components/driver-component.js:9641:26)
	at &lt;anonymous class&gt;.FirefoxDriver.prototype.findElement(file:///C:/WINDOWS/TEMP/anonymous7904128522544529419webdriver-profile/extensions/fxdriver@googlecode.com/components/driver-component.js:9650:3)
	at &lt;anonymous class&gt;.DelayedCommand.prototype.executeInternal_/h(file:///C:/WINDOWS/TEMP/anonymous7904128522544529419webdriver-profile/extensions/fxdriver@googlecode.com/components/command-processor.js:11635:16)
	at &lt;anonymous class&gt;.DelayedCommand.prototype.executeInternal_(file:///C:/WINDOWS/TEMP/anonymous7904128522544529419webdriver-profile/extensions/fxdriver@googlecode.com/components/command-processor.js:11640:7)
	at &lt;anonymous class&gt;.DelayedCommand.prototype.execute/&lt;(file:///C:/WINDOWS/TEMP/anonymous7904128522544529419webdriver-profile/extensions/fxdriver@googlecode.com/components/command-processor.js:11582:5)
</failure>
  </testcase>
  <testcase classname="kehuguanliModelTest.zimendianliebiaoTest" name="kehuliebiaoo" time="11.084"/>
  <testcase classname="mendiandingdanModelTest.dingdanliebiaoTest" name="kehuliebiaoo" time="11.202"/>
  <testcase classname="mendiandingdanModelTest.shoudanguanliTest" name="kehuliebiaoo" time="12.524"/>
  <testcase classname="mendiandingdanModelTest.tuihuorukuTest" name="kehuliebiaoo" time="7.033">
    <failure message="Unable to locate element: {&quot;method&quot;:&quot;link text&quot;,&quot;selector&quot;:&quot;退货入库&quot;}
Command duration or timeout: 232 milliseconds
For documentation on this error, please visit: http://seleniumhq.org/exceptions/no_such_element.html
Build info: version: &apos;2.44.0&apos;, revision: &apos;76d78cf323ce037c5f92db6c1bba601c2ac43ad8&apos;, time: &apos;2014-10-23 13:11:40&apos;
System info: host: &apos;DESKTOP-1KEC5HB&apos;, ip: &apos;192.168.174.1&apos;, os.name: &apos;Windows 10&apos;, os.arch: &apos;amd64&apos;, os.version: &apos;10.0&apos;, java.version: &apos;1.8.0_181&apos;
Driver info: org.openqa.selenium.firefox.FirefoxDriver
Capabilities [{applicationCacheEnabled=true, rotatable=false, handlesAlerts=true, databaseEnabled=true, version=33.0.2, platform=WINDOWS, nativeEvents=true, acceptSslCerts=true, webStorageEnabled=true, locationContextEnabled=true, browserName=firefox, takesScreenshot=true, javascriptEnabled=true, cssSelectorsEnabled=true}]
Session ID: 4cabebbd-29cd-4ba3-a12a-fd24de969b15" type="org.openqa.selenium.NoSuchElementException">org.openqa.selenium.NoSuchElementException: Unable to locate element: {&quot;method&quot;:&quot;link text&quot;,&quot;selector&quot;:&quot;退货入库&quot;}
Command duration or timeout: 232 milliseconds
For documentation on this error, please visit: http://seleniumhq.org/exceptions/no_such_element.html
Build info: version: &apos;2.44.0&apos;, revision: &apos;76d78cf323ce037c5f92db6c1bba601c2ac43ad8&apos;, time: &apos;2014-10-23 13:11:40&apos;
System info: host: &apos;DESKTOP-1KEC5HB&apos;, ip: &apos;192.168.174.1&apos;, os.name: &apos;Windows 10&apos;, os.arch: &apos;amd64&apos;, os.version: &apos;10.0&apos;, java.version: &apos;1.8.0_181&apos;
Driver info: org.openqa.selenium.firefox.FirefoxDriver
Capabilities [{applicationCacheEnabled=true, rotatable=false, handlesAlerts=true, databaseEnabled=true, version=33.0.2, platform=WINDOWS, nativeEvents=true, acceptSslCerts=true, webStorageEnabled=true, locationContextEnabled=true, browserName=firefox, takesScreenshot=true, javascriptEnabled=true, cssSelectorsEnabled=true}]
Session ID: 4cabebbd-29cd-4ba3-a12a-fd24de969b15
	at sun.reflect.NativeConstructorAccessorImpl.newInstance0(Native Method)
	at sun.reflect.NativeConstructorAccessorImpl.newInstance(NativeConstructorAccessorImpl.java:62)
	at sun.reflect.DelegatingConstructorAccessorImpl.newInstance(DelegatingConstructorAccessorImpl.java:45)
	at java.lang.reflect.Constructor.newInstance(Constructor.java:423)
	at org.openqa.selenium.remote.ErrorHandler.createThrowable(ErrorHandler.java:204)
	at org.openqa.selenium.remote.ErrorHandler.throwIfResponseFailed(ErrorHandler.java:156)
	at org.openqa.selenium.remote.RemoteWebDriver.execute(RemoteWebDriver.java:599)
	at org.openqa.selenium.remote.RemoteWebDriver.findElement(RemoteWebDriver.java:352)
	at org.openqa.selenium.remote.RemoteWebDriver.findElementByLinkText(RemoteWebDriver.java:401)
	at org.openqa.selenium.By$ByLinkText.findElement(By.java:242)
	at org.openqa.selenium.remote.RemoteWebDriver.findElement(RemoteWebDriver.java:344)
	at mendiandingdanModelTest.tuihuorukuTest.kehuliebiaoo(tuihuorukuTest.java:23)
Caused by: org.openqa.selenium.NoSuchElementException: Unable to locate element: {&quot;method&quot;:&quot;link text&quot;,&quot;selector&quot;:&quot;退货入库&quot;}
For documentation on this error, please visit: http://seleniumhq.org/exceptions/no_such_element.html
Build info: version: &apos;2.44.0&apos;, revision: &apos;76d78cf323ce037c5f92db6c1bba601c2ac43ad8&apos;, time: &apos;2014-10-23 13:11:40&apos;
System info: host: &apos;DESKTOP-1KEC5HB&apos;, ip: &apos;192.168.174.1&apos;, os.name: &apos;Windows 10&apos;, os.arch: &apos;amd64&apos;, os.version: &apos;10.0&apos;, java.version: &apos;1.8.0_181&apos;
Driver info: driver.version: unknown
	at &lt;anonymous class&gt;.FirefoxDriver.prototype.findElementInternal_(file:///C:/WINDOWS/TEMP/anonymous3280046085474877547webdriver-profile/extensions/fxdriver@googlecode.com/components/driver-component.js:9641:26)
	at &lt;anonymous class&gt;.FirefoxDriver.prototype.findElement(file:///C:/WINDOWS/TEMP/anonymous3280046085474877547webdriver-profile/extensions/fxdriver@googlecode.com/components/driver-component.js:9650:3)
	at &lt;anonymous class&gt;.DelayedCommand.prototype.executeInternal_/h(file:///C:/WINDOWS/TEMP/anonymous3280046085474877547webdriver-profile/extensions/fxdriver@googlecode.com/components/command-processor.js:11635:16)
	at &lt;anonymous class&gt;.DelayedCommand.prototype.executeInternal_(file:///C:/WINDOWS/TEMP/anonymous3280046085474877547webdriver-profile/extensions/fxdriver@googlecode.com/components/command-processor.js:11640:7)
	at &lt;anonymous class&gt;.DelayedCommand.prototype.execute/&lt;(file:///C:/WINDOWS/TEMP/anonymous3280046085474877547webdriver-profile/extensions/fxdriver@googlecode.com/components/command-processor.js:11582:5)
</failure>
  </testcase>
  <testcase classname="mendiandingdanModelTest.tuihuoshenheTest" name="kehuliebiaoo" time="7.027">
    <failure message="Unable to locate element: {&quot;method&quot;:&quot;link text&quot;,&quot;selector&quot;:&quot;退货审核&quot;}
Command duration or timeout: 238 milliseconds
For documentation on this error, please visit: http://seleniumhq.org/exceptions/no_such_element.html
Build info: version: &apos;2.44.0&apos;, revision: &apos;76d78cf323ce037c5f92db6c1bba601c2ac43ad8&apos;, time: &apos;2014-10-23 13:11:40&apos;
System info: host: &apos;DESKTOP-1KEC5HB&apos;, ip: &apos;192.168.174.1&apos;, os.name: &apos;Windows 10&apos;, os.arch: &apos;amd64&apos;, os.version: &apos;10.0&apos;, java.version: &apos;1.8.0_181&apos;
Driver info: org.openqa.selenium.firefox.FirefoxDriver
Capabilities [{applicationCacheEnabled=true, rotatable=false, handlesAlerts=true, databaseEnabled=true, version=33.0.2, platform=WINDOWS, nativeEvents=true, acceptSslCerts=true, webStorageEnabled=true, locationContextEnabled=true, browserName=firefox, takesScreenshot=true, javascriptEnabled=true, cssSelectorsEnabled=true}]
Session ID: 68aa3442-0989-4247-b878-4afc3715a9db" type="org.openqa.selenium.NoSuchElementException">org.openqa.selenium.NoSuchElementException: Unable to locate element: {&quot;method&quot;:&quot;link text&quot;,&quot;selector&quot;:&quot;退货审核&quot;}
Command duration or timeout: 238 milliseconds
For documentation on this error, please visit: http://seleniumhq.org/exceptions/no_such_element.html
Build info: version: &apos;2.44.0&apos;, revision: &apos;76d78cf323ce037c5f92db6c1bba601c2ac43ad8&apos;, time: &apos;2014-10-23 13:11:40&apos;
System info: host: &apos;DESKTOP-1KEC5HB&apos;, ip: &apos;192.168.174.1&apos;, os.name: &apos;Windows 10&apos;, os.arch: &apos;amd64&apos;, os.version: &apos;10.0&apos;, java.version: &apos;1.8.0_181&apos;
Driver info: org.openqa.selenium.firefox.FirefoxDriver
Capabilities [{applicationCacheEnabled=true, rotatable=false, handlesAlerts=true, databaseEnabled=true, version=33.0.2, platform=WINDOWS, nativeEvents=true, acceptSslCerts=true, webStorageEnabled=true, locationContextEnabled=true, browserName=firefox, takesScreenshot=true, javascriptEnabled=true, cssSelectorsEnabled=true}]
Session ID: 68aa3442-0989-4247-b878-4afc3715a9db
	at sun.reflect.NativeConstructorAccessorImpl.newInstance0(Native Method)
	at sun.reflect.NativeConstructorAccessorImpl.newInstance(NativeConstructorAccessorImpl.java:62)
	at sun.reflect.DelegatingConstructorAccessorImpl.newInstance(DelegatingConstructorAccessorImpl.java:45)
	at java.lang.reflect.Constructor.newInstance(Constructor.java:423)
	at org.openqa.selenium.remote.ErrorHandler.createThrowable(ErrorHandler.java:204)
	at org.openqa.selenium.remote.ErrorHandler.throwIfResponseFailed(ErrorHandler.java:156)
	at org.openqa.selenium.remote.RemoteWebDriver.execute(RemoteWebDriver.java:599)
	at org.openqa.selenium.remote.RemoteWebDriver.findElement(RemoteWebDriver.java:352)
	at org.openqa.selenium.remote.RemoteWebDriver.findElementByLinkText(RemoteWebDriver.java:401)
	at org.openqa.selenium.By$ByLinkText.findElement(By.java:242)
	at org.openqa.selenium.remote.RemoteWebDriver.findElement(RemoteWebDriver.java:344)
	at mendiandingdanModelTest.tuihuoshenheTest.kehuliebiaoo(tuihuoshenheTest.java:23)
Caused by: org.openqa.selenium.NoSuchElementException: Unable to locate element: {&quot;method&quot;:&quot;link text&quot;,&quot;selector&quot;:&quot;退货审核&quot;}
For documentation on this error, please visit: http://seleniumhq.org/exceptions/no_such_element.html
Build info: version: &apos;2.44.0&apos;, revision: &apos;76d78cf323ce037c5f92db6c1bba601c2ac43ad8&apos;, time: &apos;2014-10-23 13:11:40&apos;
System info: host: &apos;DESKTOP-1KEC5HB&apos;, ip: &apos;192.168.174.1&apos;, os.name: &apos;Windows 10&apos;, os.arch: &apos;amd64&apos;, os.version: &apos;10.0&apos;, java.version: &apos;1.8.0_181&apos;
Driver info: driver.version: unknown
	at &lt;anonymous class&gt;.FirefoxDriver.prototype.findElementInternal_(file:///C:/WINDOWS/TEMP/anonymous4507929614404500984webdriver-profile/extensions/fxdriver@googlecode.com/components/driver-component.js:9641:26)
	at &lt;anonymous class&gt;.FirefoxDriver.prototype.findElement(file:///C:/WINDOWS/TEMP/anonymous4507929614404500984webdriver-profile/extensions/fxdriver@googlecode.com/components/driver-component.js:9650:3)
	at &lt;anonymous class&gt;.DelayedCommand.prototype.executeInternal_/h(file:///C:/WINDOWS/TEMP/anonymous4507929614404500984webdriver-profile/extensions/fxdriver@googlecode.com/components/command-processor.js:11635:16)
	at &lt;anonymous class&gt;.DelayedCommand.prototype.executeInternal_(file:///C:/WINDOWS/TEMP/anonymous4507929614404500984webdriver-profile/extensions/fxdriver@googlecode.com/components/command-processor.js:11640:7)
	at &lt;anonymous class&gt;.DelayedCommand.prototype.execute/&lt;(file:///C:/WINDOWS/TEMP/anonymous4507929614404500984webdriver-profile/extensions/fxdriver@googlecode.com/components/command-processor.js:11582:5)
</failure>
  </testcase>
  <testcase classname="mendiandingdanModelTest.tuihuoshenqingTest" name="kehuliebiaoo" time="7.072">
    <failure message="Unable to locate element: {&quot;method&quot;:&quot;link text&quot;,&quot;selector&quot;:&quot;退货申请&quot;}
Command duration or timeout: 241 milliseconds
For documentation on this error, please visit: http://seleniumhq.org/exceptions/no_such_element.html
Build info: version: &apos;2.44.0&apos;, revision: &apos;76d78cf323ce037c5f92db6c1bba601c2ac43ad8&apos;, time: &apos;2014-10-23 13:11:40&apos;
System info: host: &apos;DESKTOP-1KEC5HB&apos;, ip: &apos;192.168.174.1&apos;, os.name: &apos;Windows 10&apos;, os.arch: &apos;amd64&apos;, os.version: &apos;10.0&apos;, java.version: &apos;1.8.0_181&apos;
Driver info: org.openqa.selenium.firefox.FirefoxDriver
Capabilities [{applicationCacheEnabled=true, rotatable=false, handlesAlerts=true, databaseEnabled=true, version=33.0.2, platform=WINDOWS, nativeEvents=true, acceptSslCerts=true, webStorageEnabled=true, locationContextEnabled=true, browserName=firefox, takesScreenshot=true, javascriptEnabled=true, cssSelectorsEnabled=true}]
Session ID: 8f6f87cf-370e-4ad2-95d2-4270a8c9c9ad" type="org.openqa.selenium.NoSuchElementException">org.openqa.selenium.NoSuchElementException: Unable to locate element: {&quot;method&quot;:&quot;link text&quot;,&quot;selector&quot;:&quot;退货申请&quot;}
Command duration or timeout: 241 milliseconds
For documentation on this error, please visit: http://seleniumhq.org/exceptions/no_such_element.html
Build info: version: &apos;2.44.0&apos;, revision: &apos;76d78cf323ce037c5f92db6c1bba601c2ac43ad8&apos;, time: &apos;2014-10-23 13:11:40&apos;
System info: host: &apos;DESKTOP-1KEC5HB&apos;, ip: &apos;192.168.174.1&apos;, os.name: &apos;Windows 10&apos;, os.arch: &apos;amd64&apos;, os.version: &apos;10.0&apos;, java.version: &apos;1.8.0_181&apos;
Driver info: org.openqa.selenium.firefox.FirefoxDriver
Capabilities [{applicationCacheEnabled=true, rotatable=false, handlesAlerts=true, databaseEnabled=true, version=33.0.2, platform=WINDOWS, nativeEvents=true, acceptSslCerts=true, webStorageEnabled=true, locationContextEnabled=true, browserName=firefox, takesScreenshot=true, javascriptEnabled=true, cssSelectorsEnabled=true}]
Session ID: 8f6f87cf-370e-4ad2-95d2-4270a8c9c9ad
	at sun.reflect.NativeConstructorAccessorImpl.newInstance0(Native Method)
[...]
Session ID: 81c893ad-d4c7-466e-956e-0d5ada55c429" type="org.openqa.selenium.NoSuchElementException">org.openqa.selenium.NoSuchElementException: Unable to locate element: {&quot;method&quot;:&quot;link text&quot;,&quot;selector&quot;:&quot;二维码履历&quot;}
Command duration or timeout: 234 milliseconds
For documentation on this error, please visit: http://seleniumhq.org/exceptions/no_such_element.html
Build info: version: &apos;2.44.0&apos;, revision: &apos;76d78cf323ce037c5f92db6c1bba601c2ac43ad8&apos;, time: &apos;2014-10-23 13:11:40&apos;
System info: host: &apos;DESKTOP-1KEC5HB&apos;, ip: &apos;192.168.174.1&apos;, os.name: &apos;Windows 10&apos;, os.arch: &apos;amd64&apos;, os.version: &apos;10.0&apos;, java.version: &apos;1.8.0_181&apos;
Driver info: org.openqa.selenium.firefox.FirefoxDriver
Capabilities [{applicationCacheEnabled=true, rotatable=false, handlesAlerts=true, databaseEnabled=true, version=33.0.2, platform=WINDOWS, nativeEvents=true, acceptSslCerts=true, webStorageEnabled=true, locationContextEnabled=true, browserName=firefox, takesScreenshot=true, javascriptEnabled=true, cssSelectorsEnabled=true}]
Session ID: 81c893ad-d4c7-466e-956e-0d5ada55c429
	at sun.reflect.GeneratedConstructorAccessor25.newInstance(Unknown Source)
	at sun.reflect.DelegatingConstructorAccessorImpl.newInstance(DelegatingConstructorAccessorImpl.java:45)
	at java.lang.reflect.Constructor.newInstance(Constructor.java:423)
	at org.openqa.selenium.remote.ErrorHandler.createThrowable(ErrorHandler.java:204)
	at org.openqa.selenium.remote.ErrorHandler.throwIfResponseFailed(ErrorHandler.java:156)
	at org.openqa.selenium.remote.RemoteWebDriver.execute(RemoteWebDriver.java:599)
	at org.openqa.selenium.remote.RemoteWebDriver.findElement(RemoteWebDriver.java:352)
	at org.openqa.selenium.remote.RemoteWebDriver.findElementByLinkText(RemoteWebDriver.java:401)
	at org.openqa.selenium.By$ByLinkText.findElement(By.java:242)
	at org.openqa.selenium.remote.RemoteWebDriver.findElement(RemoteWebDriver.java:344)
	at xitongguanliModelTest.erweimalvlixinxiTest.kehuliebiaoo(erweimalvlixinxiTest.java:23)
Caused by: org.openqa.selenium.NoSuchElementException: Unable to locate element: {&quot;method&quot;:&quot;link text&quot;,&quot;selector&quot;:&quot;二维码履历&quot;}
For documentation on this error, please visit: http://seleniumhq.org/exceptions/no_such_element.html
Build info: version: &apos;2.44.0&apos;, revision: &apos;76d78cf323ce037c5f92db6c1bba601c2ac43ad8&apos;, time: &apos;2014-10-23 13:11:40&apos;
System info: host: &apos;DESKTOP-1KEC5HB&apos;, ip: &apos;192.168.174.1&apos;, os.name: &apos;Windows 10&apos;, os.arch: &apos;amd64&apos;, os.version: &apos;10.0&apos;, java.version: &apos;1.8.0_181&apos;
Driver info: driver.version: unknown
	at &lt;anonymous class&gt;.FirefoxDriver.prototype.findElementInternal_(file:///C:/WINDOWS/TEMP/anonymous5509123005600813267webdriver-profile/extensions/fxdriver@googlecode.com/components/driver-component.js:9641:26)
	at &lt;anonymous class&gt;.FirefoxDriver.prototype.findElement(file:///C:/WINDOWS/TEMP/anonymous5509123005600813267webdriver-profile/extensions/fxdriver@googlecode.com/components/driver-component.js:9650:3)
	at &lt;anonymous class&gt;.DelayedCommand.prototype.executeInternal_/h(file:///C:/WINDOWS/TEMP/anonymous5509123005600813267webdriver-profile/extensions/fxdriver@googlecode.com/components/command-processor.js:11635:16)
	at &lt;anonymous class&gt;.DelayedCommand.prototype.executeInternal_(file:///C:/WINDOWS/TEMP/anonymous5509123005600813267webdriver-profile/extensions/fxdriver@googlecode.com/components/command-processor.js:11640:7)
	at &lt;anonymous class&gt;.DelayedCommand.prototype.execute/&lt;(file:///C:/WINDOWS/TEMP/anonymous5509123005600813267webdriver-profile/extensions/fxdriver@googlecode.com/components/command-processor.js:11582:5)
</failure>
  </testcase>
  <testcase classname="xitongguanliModelTest.erweimaxinxiTest" name="kehuliebiaoo" time="11.222"/>
  <testcase classname="xitongguanliModelTest.gonggaoliebiaoTest" name="kehuliebiaoo" time="11.321">
    <failure message="expected [隔壁仓库 V1.1.5 - 欢迎] but found [隔壁仓库 V1.1.5 - 公告列表]" type="java.lang.AssertionError">java.lang.AssertionError: expected [隔壁仓库 V1.1.5 - 欢迎] but found [隔壁仓库 V1.1.5 - 公告列表]
	at org.testng.Assert.fail(Assert.java:94)
	at org.testng.Assert.failNotEquals(Assert.java:496)
	at org.testng.Assert.assertEquals(Assert.java:125)
	at org.testng.Assert.assertEquals(Assert.java:178)
	at org.testng.Assert.assertEquals(Assert.java:188)
	at xitongguanliModelTest.gonggaoliebiaoTest.kehuliebiaoo(gonggaoliebiaoTest.java:26)
</failure>
  </testcase>
  <testcase classname="xitongguanliModelTest.gongsixinxiguanliTest" name="kehuliebiaoo" time="11.41"/>
  <testcase classname="xitongguanliModelTest.kuaiheAppdianpuguanliTest" name="kehuliebiaoo" time="7.111">
    <failure message="Unable to locate element: {&quot;method&quot;:&quot;link text&quot;,&quot;selector&quot;:&quot;快喝APP店铺管理&quot;}
Command duration or timeout: 248 milliseconds
For documentation on this error, please visit: http://seleniumhq.org/exceptions/no_such_element.html
Build info: version: &apos;2.44.0&apos;, revision: &apos;76d78cf323ce037c5f92db6c1bba601c2ac43ad8&apos;, time: &apos;2014-10-23 13:11:40&apos;
System info: host: &apos;DESKTOP-1KEC5HB&apos;, ip: &apos;192.168.174.1&apos;, os.name: &apos;Windows 10&apos;, os.arch: &apos;amd64&apos;, os.version: &apos;10.0&apos;, java.version: &apos;1.8.0_181&apos;
Driver info: org.openqa.selenium.firefox.FirefoxDriver
Capabilities [{applicationCacheEnabled=true, rotatable=false, handlesAlerts=true, databaseEnabled=true, version=33.0.2, platform=WINDOWS, nativeEvents=true, acceptSslCerts=true, webStorageEnabled=true, locationContextEnabled=true, browserName=firefox, takesScreenshot=true, javascriptEnabled=true, cssSelectorsEnabled=true}]
Session ID: a27304ed-3069-47ce-aa8d-0eb1aa41e59a" type="org.openqa.selenium.NoSuchElementException">org.openqa.selenium.NoSuchElementException: Unable to locate element: {&quot;method&quot;:&quot;link text&quot;,&quot;selector&quot;:&quot;快喝APP店铺管理&quot;}
Command duration or timeout: 248 milliseconds
For documentation on this error, please visit: http://seleniumhq.org/exceptions/no_such_element.html
Build info: version: &apos;2.44.0&apos;, revision: &apos;76d78cf323ce037c5f92db6c1bba601c2ac43ad8&apos;, time: &apos;2014-10-23 13:11:40&apos;
System info: host: &apos;DESKTOP-1KEC5HB&apos;, ip: &apos;192.168.174.1&apos;, os.name: &apos;Windows 10&apos;, os.arch: &apos;amd64&apos;, os.version: &apos;10.0&apos;, java.version: &apos;1.8.0_181&apos;
Driver info: org.openqa.selenium.firefox.FirefoxDriver
Capabilities [{applicationCacheEnabled=true, rotatable=false, handlesAlerts=true, databaseEnabled=true, version=33.0.2, platform=WINDOWS, nativeEvents=true, acceptSslCerts=true, webStorageEnabled=true, locationContextEnabled=true, browserName=firefox, takesScreenshot=true, javascriptEnabled=true, cssSelectorsEnabled=true}]
Session ID: a27304ed-3069-47ce-aa8d-0eb1aa41e59a
	at sun.reflect.GeneratedConstructorAccessor25.newInstance(Unknown Source)
	at sun.reflect.DelegatingConstructorAccessorImpl.newInstance(DelegatingConstructorAccessorImpl.java:45)
	at java.lang.reflect.Constructor.newInstance(Constructor.java:423)
	at org.openqa.selenium.remote.ErrorHandler.createThrowable(ErrorHandler.java:204)
	at org.openqa.selenium.remote.ErrorHandler.throwIfResponseFailed(ErrorHandler.java:156)
	at org.openqa.selenium.remote.RemoteWebDriver.execute(RemoteWebDriver.java:599)
	at org.openqa.selenium.remote.RemoteWebDriver.findElement(RemoteWebDriver.java:352)
	at org.openqa.selenium.remote.RemoteWebDriver.findElementByLinkText(RemoteWebDriver.java:401)
	at org.openqa.selenium.By$ByLinkText.findElement(By.java:242)
	at org.openqa.selenium.remote.RemoteWebDriver.findElement(RemoteWebDriver.java:344)
	at xitongguanliModelTest.kuaiheAppdianpuguanliTest.kehuliebiaoo(kuaiheAppdianpuguanliTest.java:23)
Caused by: org.openqa.selenium.NoSuchElementException: Unable to locate element: {&quot;method&quot;:&quot;link text&quot;,&quot;selector&quot;:&quot;快喝APP店铺管理&quot;}
For documentation on this error, please visit: http://seleniumhq.org/exceptions/no_such_element.html
Build info: version: &apos;2.44.0&apos;, revision: &apos;76d78cf323ce037c5f92db6c1bba601c2ac43ad8&apos;, time: &apos;2014-10-23 13:11:40&apos;
System info: host: &apos;DESKTOP-1KEC5HB&apos;, ip: &apos;192.168.174.1&apos;, os.name: &apos;Windows 10&apos;, os.arch: &apos;amd64&apos;, os.version: &apos;10.0&apos;, java.version: &apos;1.8.0_181&apos;
Driver info: driver.version: unknown
	at &lt;anonymous class&gt;.FirefoxDriver.prototype.findElementInternal_(file:///C:/WINDOWS/TEMP/anonymous5680115028081370359webdriver-profile/extensions/fxdriver@googlecode.com/components/driver-component.js:9641:26)
	at &lt;anonymous class&gt;.FirefoxDriver.prototype.findElement(file:///C:/WINDOWS/TEMP/anonymous5680115028081370359webdriver-profile/extensions/fxdriver@googlecode.com/components/driver-component.js:9650:3)
	at &lt;anonymous class&gt;.DelayedCommand.prototype.executeInternal_/h(file:///C:/WINDOWS/TEMP/anonymous5680115028081370359webdriver-profile/extensions/fxdriver@googlecode.com/components/command-processor.js:11635:16)
	at &lt;anonymous class&gt;.DelayedCommand.prototype.executeInternal_(file:///C:/WINDOWS/TEMP/anonymous5680115028081370359webdriver-profile/extensions/fxdriver@googlecode.com/components/command-processor.js:11640:7)
	at &lt;anonymous class&gt;.DelayedCommand.prototype.execute/&lt;(file:///C:/WINDOWS/TEMP/anonymous5680115028081370359webdriver-profile/extensions/fxdriver@googlecode.com/components/command-processor.js:11582:5)
</failure>
  </testcase>
  <testcase classname="xitongguanliModelTest.kuaiheAppruzhushenqingTest" name="kehuliebiaoo" time="7.076">
    <failure message="Unable to locate element: {&quot;method&quot;:&quot;link text&quot;,&quot;selector&quot;:&quot;快喝APP入驻申请&quot;}
Command duration or timeout: 231 milliseconds
For documentation on this error, please visit: http://seleniumhq.org/exceptions/no_such_element.html
Build info: version: &apos;2.44.0&apos;, revision: &apos;76d78cf323ce037c5f92db6c1bba601c2ac43ad8&apos;, time: &apos;2014-10-23 13:11:40&apos;
System info: host: &apos;DESKTOP-1KEC5HB&apos;, ip: &apos;192.168.174.1&apos;, os.name: &apos;Windows 10&apos;, os.arch: &apos;amd64&apos;, os.version: &apos;10.0&apos;, java.version: &apos;1.8.0_181&apos;
Driver info: org.openqa.selenium.firefox.FirefoxDriver
Capabilities [{applicationCacheEnabled=true, rotatable=false, handlesAlerts=true, databaseEnabled=true, version=33.0.2, platform=WINDOWS, nativeEvents=true, acceptSslCerts=true, webStorageEnabled=true, locationContextEnabled=true, browserName=firefox, takesScreenshot=true, javascriptEnabled=true, cssSelectorsEnabled=true}]
Session ID: 7696c72e-1940-40bc-a6b4-3f8061779758" type="org.openqa.selenium.NoSuchElementException">org.openqa.selenium.NoSuchElementException: Unable to locate element: {&quot;method&quot;:&quot;link text&quot;,&quot;selector&quot;:&quot;快喝APP入驻申请&quot;}
Command duration or timeout: 231 milliseconds
For documentation on this error, please visit: http://seleniumhq.org/exceptions/no_such_element.html
Build info: version: &apos;2.44.0&apos;, revision: &apos;76d78cf323ce037c5f92db6c1bba601c2ac43ad8&apos;, time: &apos;2014-10-23 13:11:40&apos;
System info: host: &apos;DESKTOP-1KEC5HB&apos;, ip: &apos;192.168.174.1&apos;, os.name: &apos;Windows 10&apos;, os.arch: &apos;amd64&apos;, os.version: &apos;10.0&apos;, java.version: &apos;1.8.0_181&apos;
Driver info: org.openqa.selenium.firefox.FirefoxDriver
Capabilities [{applicationCacheEnabled=true, rotatable=false, handlesAlerts=true, databaseEnabled=true, version=33.0.2, platform=WINDOWS, nativeEvents=true, acceptSslCerts=true, webStorageEnabled=true, locationContextEnabled=true, browserName=firefox, takesScreenshot=true, javascriptEnabled=true, cssSelectorsEnabled=true}]
Session ID: 7696c72e-1940-40bc-a6b4-3f8061779758
	at sun.reflect.GeneratedConstructorAccessor25.newInstance(Unknown Source)
	at sun.reflect.DelegatingConstructorAccessorImpl.newInstance(DelegatingConstructorAccessorImpl.java:45)
	at java.lang.reflect.Constructor.newInstance(Constructor.java:423)
	at org.openqa.selenium.remote.ErrorHandler.createThrowable(ErrorHandler.java:204)
	at org.openqa.selenium.remote.ErrorHandler.throwIfResponseFailed(ErrorHandler.java:156)
	at org.openqa.selenium.remote.RemoteWebDriver.execute(RemoteWebDriver.java:599)
	at org.openqa.selenium.remote.RemoteWebDriver.findElement(RemoteWebDriver.java:352)
	at org.openqa.selenium.remote.RemoteWebDriver.findElementByLinkText(RemoteWebDriver.java:401)
	at org.openqa.selenium.By$ByLinkText.findElement(By.java:242)
	at org.openqa.selenium.remote.RemoteWebDriver.findElement(RemoteWebDriver.java:344)
	at xitongguanliModelTest.kuaiheAppruzhushenqingTest.kehuliebiaoo(kuaiheAppruzhushenqingTest.java:23)
Caused by: org.openqa.selenium.NoSuchElementException: Unable to locate element: {&quot;method&quot;:&quot;link text&quot;,&quot;selector&quot;:&quot;快喝APP入驻申请&quot;}
For documentation on this error, please visit: http://seleniumhq.org/exceptions/no_such_element.html
Build info: version: &apos;2.44.0&apos;, revision: &apos;76d78cf323ce037c5f92db6c1bba601c2ac43ad8&apos;, time: &apos;2014-10-23 13:11:40&apos;
System info: host: &apos;DESKTOP-1KEC5HB&apos;, ip: &apos;192.168.174.1&apos;, os.name: &apos;Windows 10&apos;, os.arch: &apos;amd64&apos;, os.version: &apos;10.0&apos;, java.version: &apos;1.8.0_181&apos;
Driver info: driver.version: unknown
	at &lt;anonymous class&gt;.FirefoxDriver.prototype.findElementInternal_(file:///C:/WINDOWS/TEMP/anonymous5626570655218792871webdriver-profile/extensions/fxdriver@googlecode.com/components/driver-component.js:9641:26)
	at &lt;anonymous class&gt;.FirefoxDriver.prototype.findElement(file:///C:/WINDOWS/TEMP/anonymous5626570655218792871webdriver-profile/extensions/fxdriver@googlecode.com/components/driver-component.js:9650:3)
	at &lt;anonymous class&gt;.DelayedCommand.prototype.executeInternal_/h(file:///C:/WINDOWS/TEMP/anonymous5626570655218792871webdriver-profile/extensions/fxdriver@googlecode.com/components/command-processor.js:11635:16)
	at &lt;anonymous class&gt;.DelayedCommand.prototype.executeInternal_(file:///C:/WINDOWS/TEMP/anonymous5626570655218792871webdriver-profile/extensions/fxdriver@googlecode.com/components/command-processor.js:11640:7)
	at &lt;anonymous class&gt;.DelayedCommand.prototype.execute/&lt;(file:///C:/WINDOWS/TEMP/anonymous5626570655218792871webdriver-profile/extensions/fxdriver@googlecode.com/components/command-processor.js:11582:5)
</failure>
  </testcase>
  <testcase classname="xitongguanliModelTest.quanxianguanliTest" name="kehuliebiaoo" time="11.229"/>
  <testcase classname="xitongguanliModelTest.zhanghaoguanliTest" name="kehuliebiaoo" time="7.125">
    <failure message="Unable to locate element: {&quot;method&quot;:&quot;link text&quot;,&quot;selector&quot;:&quot;账号管理&quot;}
Command duration or timeout: 269 milliseconds
For documentation on this error, please visit: http://seleniumhq.org/exceptions/no_such_element.html
Build info: version: &apos;2.44.0&apos;, revision: &apos;76d78cf323ce037c5f92db6c1bba601c2ac43ad8&apos;, time: &apos;2014-10-23 13:11:40&apos;
System info: host: &apos;DESKTOP-1KEC5HB&apos;, ip: &apos;192.168.174.1&apos;, os.name: &apos;Windows 10&apos;, os.arch: &apos;amd64&apos;, os.version: &apos;10.0&apos;, java.version: &apos;1.8.0_181&apos;
Driver info: org.openqa.selenium.firefox.FirefoxDriver
Capabilities [{applicationCacheEnabled=true, rotatable=false, handlesAlerts=true, databaseEnabled=true, version=33.0.2, platform=WINDOWS, nativeEvents=true, acceptSslCerts=true, webStorageEnabled=true, locationContextEnabled=true, browserName=firefox, takesScreenshot=true, javascriptEnabled=true, cssSelectorsEnabled=true}]
Session ID: 06b42d58-2c18-4b65-877b-470cf71dae0f" type="org.openqa.selenium.NoSuchElementException">org.openqa.selenium.NoSuchElementException: Unable to locate element: {&quot;method&quot;:&quot;link text&quot;,&quot;selector&quot;:&quot;账号管理&quot;}
Command duration or timeout: 269 milliseconds
For documentation on this error, please visit: http://seleniumhq.org/exceptions/no_such_element.html
Build info: version: &apos;2.44.0&apos;, revision: &apos;76d78cf323ce037c5f92db6c1bba601c2ac43ad8&apos;, time: &apos;2014-10-23 13:11:40&apos;
System info: host: &apos;DESKTOP-1KEC5HB&apos;, ip: &apos;192.168.174.1&apos;, os.name: &apos;Windows 10&apos;, os.arch: &apos;amd64&apos;, os.version: &apos;10.0&apos;, java.version: &apos;1.8.0_181&apos;
Driver info: org.openqa.selenium.firefox.FirefoxDriver
Capabilities [{applicationCacheEnabled=true, rotatable=false, handlesAlerts=true, databaseEnabled=true, version=33.0.2, platform=WINDOWS, nativeEvents=true, acceptSslCerts=true, webStorageEnabled=true, locationContextEnabled=true, browserName=firefox, takesScreenshot=true, javascriptEnabled=true, cssSelectorsEnabled=true}]
Session ID: 06b42d58-2c18-4b65-877b-470cf71dae0f
	at sun.reflect.GeneratedConstructorAccessor25.newInstance(Unknown Source)
	at sun.reflect.DelegatingConstructorAccessorImpl.newInstance(DelegatingConstructorAccessorImpl.java:45)
	at java.lang.reflect.Constructor.newInstance(Constructor.java:423)
	at org.openqa.selenium.remote.ErrorHandler.createThrowable(ErrorHandler.java:204)
	at org.openqa.selenium.remote.ErrorHandler.throwIfResponseFailed(ErrorHandler.java:156)
	at org.openqa.selenium.remote.RemoteWebDriver.execute(RemoteWebDriver.java:599)
	at org.openqa.selenium.remote.RemoteWebDriver.findElement(RemoteWebDriver.java:352)
	at org.openqa.selenium.remote.RemoteWebDriver.findElementByLinkText(RemoteWebDriver.java:401)
	at org.openqa.selenium.By$ByLinkText.findElement(By.java:242)
	at org.openqa.selenium.remote.RemoteWebDriver.findElement(RemoteWebDriver.java:344)
	at xitongguanliModelTest.zhanghaoguanliTest.kehuliebiaoo(zhanghaoguanliTest.java:23)
Caused by: org.openqa.selenium.NoSuchElementException: Unable to locate element: {&quot;method&quot;:&quot;link text&quot;,&quot;selector&quot;:&quot;账号管理&quot;}
For documentation on this error, please visit: http://seleniumhq.org/exceptions/no_such_element.html
Build info: version: &apos;2.44.0&apos;, revision: &apos;76d78cf323ce037c5f92db6c1bba601c2ac43ad8&apos;, time: &apos;2014-10-23 13:11:40&apos;
System info: host: &apos;DESKTOP-1KEC5HB&apos;, ip: &apos;192.168.174.1&apos;, os.name: &apos;Windows 10&apos;, os.arch: &apos;amd64&apos;, os.version: &apos;10.0&apos;, java.version: &apos;1.8.0_181&apos;
Driver info: driver.version: unknown
	at &lt;anonymous class&gt;.FirefoxDriver.prototype.findElementInternal_(file:///C:/WINDOWS/TEMP/anonymous2092311318460218754webdriver-profile/extensions/fxdriver@googlecode.com/components/driver-component.js:9641:26)
	at &lt;anonymous class&gt;.FirefoxDriver.prototype.findElement(file:///C:/WINDOWS/TEMP/anonymous2092311318460218754webdriver-profile/extensions/fxdriver@googlecode.com/components/driver-component.js:9650:3)
	at &lt;anonymous class&gt;.DelayedCommand.prototype.executeInternal_/h(file:///C:/WINDOWS/TEMP/anonymous2092311318460218754webdriver-profile/extensions/fxdriver@googlecode.com/components/command-processor.js:11635:16)
	at &lt;anonymous class&gt;.DelayedCommand.prototype.executeInternal_(file:///C:/WINDOWS/TEMP/anonymous2092311318460218754webdriver-profile/extensions/fxdriver@googlecode.com/components/command-processor.js:11640:7)
	at &lt;anonymous class&gt;.DelayedCommand.prototype.execute/&lt;(file:///C:/WINDOWS/TEMP/anonymous2092311318460218754webdriver-profile/extensions/fxdriver@googlecode.com/components/command-processor.js:11582:5)
</failure>
  </testcase>
</testsuite>