<?xml version="1.0" encoding="UTF-8"?>
<testng-results skipped="0" failed="2" total="5" passed="3">
  <reporter-output>
  </reporter-output>
  <suite name="Default Suite" duration-ms="179782" started-at="2018-09-20T02:39:27Z" finished-at="2018-09-20T02:42:26Z">
    <groups>
    </groups>
    <test name="WebDriverq" duration-ms="179782" started-at="2018-09-20T02:39:27Z" finished-at="2018-09-20T02:42:26Z">
      <class name="gbckTest.shanghuaddTest">
        <test-method status="PASS" signature="shanghuTest()[pri:0, instance:gbckTest.shanghuaddTest@1b08d26f]" name="shanghuTest" duration-ms="44610" started-at="2018-09-20T10:40:29Z" finished-at="2018-09-20T10:41:14Z">
          <reporter-output>
          </reporter-output>
        </test-method> <!-- shanghuTest -->
      </class> <!-- gbckTest.shanghuaddTest -->
      <class name="gbckTest.sizeyouhuiquanTest">
        <test-method status="PASS" signature="tianjiashangpin()[pri:0, instance:gbckTest.sizeyouhuiquanTest@752fecbf]" name="tianjiashangpin" duration-ms="37627" started-at="2018-09-20T10:41:26Z" finished-at="2018-09-20T10:42:03Z">
          <reporter-output>
          </reporter-output>
        </test-method> <!-- tianjiashangpin -->
      </class> <!-- gbckTest.sizeyouhuiquanTest -->
      <class name="gbckTest.shouhuoTest">
        <test-method status="FAIL" signature="shouhuo()[pri:0, instance:gbckTest.shouhuoTest@565030b7]" name="shouhuo" duration-ms="11995" started-at="2018-09-20T10:41:14Z" finished-at="2018-09-20T10:41:26Z">
          <exception class="org.openqa.selenium.ElementNotVisibleException">
            <message>
              <![CDATA[Element is not currently visible and so may not be interacted with
Command duration or timeout: 31 milliseconds
Build info: version: '2.44.0', revision: '76d78cf323ce037c5f92db6c1bba601c2ac43ad8', time: '2014-10-23 13:11:40'
System info: host: 'DESKTOP-1KEC5HB', ip: '192.168.174.1', os.name: 'Windows 10', os.arch: 'amd64', os.version: '10.0', java.version: '1.8.0_181'
Driver info: org.openqa.selenium.firefox.FirefoxDriver
Capabilities [{applicationCacheEnabled=true, rotatable=false, handlesAlerts=true, databaseEnabled=true, version=33.0.2, platform=WINDOWS, nativeEvents=true, acceptSslCerts=true, webStorageEnabled=true, locationContextEnabled=true, browserName=firefox, takesScreenshot=true, javascriptEnabled=true, cssSelectorsEnabled=true}]
Session ID: 016c6f59-9ef2-4762-add2-3f98585595ee]]>
            </message>
            <full-stacktrace>
              <![CDATA[org.openqa.selenium.ElementNotVisibleException: Element is not currently visible and so may not be interacted with
Command duration or timeout: 31 milliseconds
Build info: version: '2.44.0', revision: '76d78cf323ce037c5f92db6c1bba601c2ac43ad8', time: '2014-10-23 13:11:40'
System info: host: 'DESKTOP-1KEC5HB', ip: '192.168.174.1', os.name: 'Windows 10', os.arch: 'amd64', os.version: '10.0', java.version: '1.8.0_181'
Driver info: org.openqa.selenium.firefox.FirefoxDriver
Capabilities [{applicationCacheEnabled=true, rotatable=false, handlesAlerts=true, databaseEnabled=true, version=33.0.2, platform=WINDOWS, nativeEvents=true, acceptSslCerts=true, webStorageEnabled=true, locationContextEnabled=true, browserName=firefox, takesScreenshot=true, javascriptEnabled=true, cssSelectorsEnabled=true}]
Session ID: 016c6f59-9ef2-4762-add2-3f98585595ee
	at sun.reflect.NativeConstructorAccessorImpl.newInstance0(Native Method)
	at sun.reflect.NativeConstructorAccessorImpl.newInstance(NativeConstructorAccessorImpl.java:62)
	at sun.reflect.DelegatingConstructorAccessorImpl.newInstance(DelegatingConstructorAccessorImpl.java:45)
	at java.lang.reflect.Constructor.newInstance(Constructor.java:423)
	at org.openqa.selenium.remote.ErrorHandler.createThrowable(ErrorHandler.java:204)
	at org.openqa.selenium.remote.ErrorHandler.throwIfResponseFailed(ErrorHandler.java:156)
	at org.openqa.selenium.remote.RemoteWebDriver.execute(RemoteWebDriver.java:599)
	at org.openqa.selenium.remote.RemoteWebElement.execute(RemoteWebElement.java:268)
	at org.openqa.selenium.remote.RemoteWebElement.click(RemoteWebElement.java:79)
	at gbckTest.shouhuoTest.shouhuo(shouhuoTest.java:39)
	at sun.reflect.NativeMethodAccessorImpl.invoke0(Native Method)
	at sun.reflect.NativeMethodAccessorImpl.invoke(NativeMethodAccessorImpl.java:62)
	at sun.reflect.DelegatingMethodAccessorImpl.invoke(DelegatingMethodAccessorImpl.java:43)
	at java.lang.reflect.Method.invoke(Method.java:498)
	at org.testng.internal.MethodInvocationHelper.invokeMethod(MethodInvocationHelper.java:85)
	at org.testng.internal.Invoker.invokeMethod(Invoker.java:639)
	at org.testng.internal.Invoker.invokeTestMethod(Invoker.java:816)
	at org.testng.internal.Invoker.invokeTestMethods(Invoker.java:1124)
	at org.testng.internal.TestMethodWorker.invokeTestMethods(TestMethodWorker.java:125)
	at org.testng.internal.TestMethodWorker.run(TestMethodWorker.java:108)
	at org.testng.TestRunner.privateRun(TestRunner.java:774)
	at org.testng.TestRunner.run(TestRunner.java:624)
	at org.testng.SuiteRunner.runTest(SuiteRunner.java:359)
	at org.testng.SuiteRunner.runSequentially(SuiteRunner.java:354)
	at org.testng.SuiteRunner.privateRun(SuiteRunner.java:312)
	at org.testng.SuiteRunner.run(SuiteRunner.java:261)
	at org.testng.SuiteRunnerWorker.runSuite(SuiteRunnerWorker.java:52)
	at org.testng.SuiteRunnerWorker.run(SuiteRunnerWorker.java:86)
	at org.testng.TestNG.runSuitesSequentially(TestNG.java:1191)
	at org.testng.TestNG.runSuitesLocally(TestNG.java:1116)
	at org.testng.TestNG.run(TestNG.java:1024)
	at org.testng.IDEARemoteTestNG.run(IDEARemoteTestNG.java:72)
	at org.testng.RemoteTestNGStarter.main(RemoteTestNGStarter.java:123)
Caused by: org.openqa.selenium.ElementNotVisibleException: Element is not currently visible and so may not be interacted with
Build info: version: '2.44.0', revision: '76d78cf323ce037c5f92db6c1bba601c2ac43ad8', time: '2014-10-23 13:11:40'
System info: host: 'DESKTOP-1KEC5HB', ip: '192.168.174.1', os.name: 'Windows 10', os.arch: 'amd64', os.version: '10.0', java.version: '1.8.0_181'
Driver info: driver.version: unknown
	at <anonymous class>.fxdriver.preconditions.visible(file:///C:/Users/18217/AppData/Local/Temp/anonymous4530702842493799102webdriver-profile/extensions/fxdriver@googlecode.com/components/command-processor.js:8959:12)
	at <anonymous class>.DelayedCommand.prototype.checkPreconditions_(file:///C:/Users/18217/AppData/Local/Temp/anonymous4530702842493799102webdriver-profile/extensions/fxdriver@googlecode.com/components/command-processor.js:11618:15)
	at <anonymous class>.DelayedCommand.prototype.executeInternal_/h(file:///C:/Users/18217/AppData/Local/Temp/anonymous4530702842493799102webdriver-profile/extensions/fxdriver@googlecode.com/components/command-processor.js:11635:11)
	at <anonymous class>.DelayedCommand.prototype.executeInternal_(file:///C:/Users/18217/AppData/Local/Temp/anonymous4530702842493799102webdriver-profile/extensions/fxdriver@googlecode.com/components/command-processor.js:11640:7)
	at <anonymous class>.DelayedCommand.prototype.execute/<(file:///C:/Users/18217/AppData/Local/Temp/anonymous4530702842493799102webdriver-profile/extensions/fxdriver@googlecode.com/components/command-processor.js:11582:5)
]]>
            </full-stacktrace>
          </exception> <!-- org.openqa.selenium.ElementNotVisibleException -->
          <reporter-output>
          </reporter-output>
        </test-method> <!-- shouhuo -->
      </class> <!-- gbckTest.shouhuoTest -->
      <class name="gbckTest.vipaddTest">
        <test-method status="FAIL" signature="testsuit()[pri:0, instance:gbckTest.vipaddTest@2eb31735]" name="testsuit" duration-ms="21081" started-at="2018-09-20T10:42:03Z" finished-at="2018-09-20T10:42:24Z">
          <exception class="java.lang.AssertionError">
            <message>
              <![CDATA[expected [隔壁仓库 V1.1.2 - 会员添加] but found [隔壁仓库 V1.1.2 - 会员列表]]]>
            </message>
            <full-stacktrace>
              <![CDATA[java.lang.AssertionError: expected [隔壁仓库 V1.1.2 - 会员添加] but found [隔壁仓库 V1.1.2 - 会员列表]
	at org.testng.Assert.fail(Assert.java:94)
	at org.testng.Assert.failNotEquals(Assert.java:496)
	at org.testng.Assert.assertEquals(Assert.java:125)
	at org.testng.Assert.assertEquals(Assert.java:178)
	at org.testng.Assert.assertEquals(Assert.java:188)
	at gbckTest.vipaddTest.testsuit(vipaddTest.java:47)
	at sun.reflect.NativeMethodAccessorImpl.invoke0(Native Method)
	at sun.reflect.NativeMethodAccessorImpl.invoke(NativeMethodAccessorImpl.java:62)
	at sun.reflect.DelegatingMethodAccessorImpl.invoke(DelegatingMethodAccessorImpl.java:43)
	at java.lang.reflect.Method.invoke(Method.java:498)
	at org.testng.internal.MethodInvocationHelper.invokeMethod(MethodInvocationHelper.java:85)
	at org.testng.internal.Invoker.invokeMethod(Invoker.java:639)
	at org.testng.internal.Invoker.invokeTestMethod(Invoker.java:816)
	at org.testng.internal.Invoker.invokeTestMethods(Invoker.java:1124)
	at org.testng.internal.TestMethodWorker.invokeTestMethods(TestMethodWorker.java:125)
	at org.testng.internal.TestMethodWorker.run(TestMethodWorker.java:108)
	at org.testng.TestRunner.privateRun(TestRunner.java:774)
	at org.testng.TestRunner.run(TestRunner.java:624)
	at org.testng.SuiteRunner.runTest(SuiteRunner.java:359)
	at org.testng.SuiteRunner.runSequentially(SuiteRunner.java:354)
	at org.testng.SuiteRunner.privateRun(SuiteRunner.java:312)
	at org.testng.SuiteRunner.run(SuiteRunner.java:261)
	at org.testng.SuiteRunnerWorker.runSuite(SuiteRunnerWorker.java:52)
	at org.testng.SuiteRunnerWorker.run(SuiteRunnerWorker.java:86)
	at org.testng.TestNG.runSuitesSequentially(TestNG.java:1191)
	at org.testng.TestNG.runSuitesLocally(TestNG.java:1116)
	at org.testng.TestNG.run(TestNG.java:1024)
	at org.testng.IDEARemoteTestNG.run(IDEARemoteTestNG.java:72)
	at org.testng.RemoteTestNGStarter.main(RemoteTestNGStarter.java:123)
]]>
            </full-stacktrace>
          </exception> <!-- java.lang.AssertionError -->
          <reporter-output>
          </reporter-output>
        </test-method> <!-- testsuit -->
      </class> <!-- gbckTest.vipaddTest -->
      <class name="gbckTest.caigouTest">
        <test-method status="PASS" signature="beforeTest()[pri:0, instance:gbckTest.caigouTest@41935a9d]" name="beforeTest" is-config="true" duration-ms="6592" started-at="2018-09-20T10:39:27Z" finished-at="2018-09-20T10:39:33Z">
          <reporter-output>
          </reporter-output>
        </test-method> <!-- beforeTest -->
        <test-method status="PASS" signature="beforeTest()[pri:0, instance:gbckTest.shanghuaddTest@1b08d26f]" name="beforeTest" is-config="true" duration-ms="6240" started-at="2018-09-20T10:39:33Z" finished-at="2018-09-20T10:39:40Z">
          <reporter-output>
          </reporter-output>
        </test-method> <!-- beforeTest -->
        <test-method status="PASS" signature="beforeTest()[pri:0, instance:gbckTest.shouhuoTest@565030b7]" name="beforeTest" is-config="true" duration-ms="6387" started-at="2018-09-20T10:39:40Z" finished-at="2018-09-20T10:39:46Z">
          <reporter-output>
          </reporter-output>
        </test-method> <!-- beforeTest -->
        <test-method status="PASS" signature="beforeTest()[pri:0, instance:gbckTest.sizeyouhuiquanTest@752fecbf]" name="beforeTest" is-config="true" duration-ms="6258" started-at="2018-09-20T10:39:46Z" finished-at="2018-09-20T10:39:52Z">
          <reporter-output>
          </reporter-output>
        </test-method> <!-- beforeTest -->
        <test-method status="PASS" signature="beforeTest()[pri:0, instance:gbckTest.vipaddTest@2eb31735]" name="beforeTest" is-config="true" duration-ms="6387" started-at="2018-09-20T10:39:52Z" finished-at="2018-09-20T10:39:59Z">
          <reporter-output>
          </reporter-output>
        </test-method> <!-- beforeTest -->
        <test-method status="PASS" signature="test()[pri:0, instance:gbckTest.caigouTest@41935a9d]" name="test" duration-ms="30498" started-at="2018-09-20T10:39:59Z" finished-at="2018-09-20T10:40:29Z">
          <reporter-output>
          </reporter-output>
        </test-method> <!-- test -->
        <test-method status="PASS" signature="afterTest()[pri:0, instance:gbckTest.caigouTest@41935a9d]" name="afterTest" is-config="true" duration-ms="402" started-at="2018-09-20T10:42:24Z" finished-at="2018-09-20T10:42:25Z">
          <reporter-output>
          </reporter-output>
        </test-method> <!-- afterTest -->
        <test-method status="PASS" signature="afterTest()[pri:0, instance:gbckTest.shanghuaddTest@1b08d26f]" name="afterTest" is-config="true" duration-ms="407" started-at="2018-09-20T10:42:25Z" finished-at="2018-09-20T10:42:25Z">
          <reporter-output>
          </reporter-output>
        </test-method> <!-- afterTest -->
        <test-method status="PASS" signature="afterTest()[pri:0, instance:gbckTest.shouhuoTest@565030b7]" name="afterTest" is-config="true" duration-ms="405" started-at="2018-09-20T10:42:25Z" finished-at="2018-09-20T10:42:26Z">
          <reporter-output>
          </reporter-output>
        </test-method> <!-- afterTest -->
        <test-method status="PASS" signature="afterTest()[pri:0, instance:gbckTest.sizeyouhuiquanTest@752fecbf]" name="afterTest" is-config="true" duration-ms="390" started-at="2018-09-20T10:42:26Z" finished-at="2018-09-20T10:42:26Z">
          <reporter-output>
          </reporter-output>
        </test-method> <!-- afterTest -->
        <test-method status="PASS" signature="afterTest()[pri:0, instance:gbckTest.vipaddTest@2eb31735]" name="afterTest" is-config="true" duration-ms="383" started-at="2018-09-20T10:42:26Z" finished-at="2018-09-20T10:42:26Z">
          <reporter-output>
          </reporter-output>
        </test-method> <!-- afterTest -->
      </class> <!-- gbckTest.caigouTest -->
    </test> <!-- WebDriverq -->
  </suite> <!-- Default Suite -->
</testng-results>
